### ISSUE TITLE
Further development

### ISSUE THREAD

**Issue by barracuda156** [majestrate/llarp#26]
@majestrate Hi, Jeff. As far as I can see, `lokinet` moved here? Is this version already functional?
Should any possible PRs be done to this repo now?

I am thinking to return to this finally, and get this building and hopefully working on 10.6 and powerpc :)

**Comment by majestrate** [comment]
Hi, 
My new day job leaves me little time to work on llarp now a days.
The dev branch is where the latest version is at.

I dropped support for apple's app extension as I don't have the resources to pay for a signing key. We have an IRC at ircs://irc.lokinet.io/general 

If you feel like supporting MacOS platform without needing the weird apple specific integration, please let me know.

**Comment by barracuda156** [comment]
Thank you for responding. Not using Apple proprietary stuff is great. Though life is not getting earlier, LOL: I tried to build `llarp` from this repo, and bumped into this https://github.com/majestrate/llarp/commit/d2d109e92c6139b2553796c662aaafea3bcd8542
This commit in effect breaks the build with `_GLIBCXX_USE_CXX11_ABI=0`, since `std::chrono` is one of the very few things which are not supported. I will open an issue about that.

_Update._ Ah, it still uses `libfmt`, just in v10 this issue was not yet fixed. Perhaps v11 gonna work.

Yeah, I am interested in supporting macOS. Maybe @catap could take a look also and help us here.

**Comment by majestrate** [comment]
thanks for the update, if the libfmt submodule needs to be bumped in a version that can be done just let me know. just as long as it isn't also breaking spdlog since that depends on libfmt too.

**Comment by majestrate** [comment]
we also heavily use std::chrono and the supported c++ version is now 20, your toolchain will need to support at least `-std=c++20` otherwise it's not gonna build. we can shim out std::chrono but we do need the c++20 support, at least c++17.

**Comment by barracuda156** [comment]
> thanks for the update, if the libfmt submodule needs to be bumped in a version that can be done just let me know. just as long as it isn't also breaking spdlog since that depends on libfmt too.

`spdlog` certainly builds with `libfmt11`. BTW, search for both does not work correctly. Should use `spdlog` and `fmt` with versions as well, without lib-.

Just bumping versions is not enough, the build against v11 fails at the moment.

> we also heavily use std::chrono and the supported c++ version is now 20

C++20 is not a problem (even C++23 works). There are a few things, which old ABI does not implement, those will be a stopper if used without fallbacks. Specifically, `std::chrono` is not supported, and there is a difference in `std::string` (it is supported, but syntax is not identical).

**Comment by barracuda156** [comment]
This is with libfmt11:

```
/opt/local/var/macports/build/_opt_local_ppcports_security_llarp-devel/llarp-devel/work/llarp-4c8f0486fce9e03a695778853a8aa9c11ed177b3/llarp/pow.cpp:59:23:
required from here
   59 |     return fmt::format(
      |            ~~~~~~~~~~~^
   60 |         "[PoW timestamp={} lifetime={} nonce={}]",
      |         ~~~~~~~~~~~~~~~~~~~~~~~~~~~~~~~~~~~~~~~~~~
   61 |         timestamp.count(),
      |         ~~~~~~~~~~~~~~~~~~
   62 |         extendedLifetime.count(),
      |         ~~~~~~~~~~~~~~~~~~~~~~~~~
   63 |         nonce);
      |         ~~~~~~
/opt/local/include/libfmt11/fmt/base.h:2275:29: error: passing 'const
fmt::v11::formatter<llarp::AlignedBuffer<32>, char, void>' as 'this'
argument discards qualifiers [-fpermissive]
 2275 |     ctx.advance_to(cf.format(*static_cast<qualified_type*>(arg),
ctx));
      |
~~~~~~~~~^~~~~~~~~~~~~~~~~~~~~~~~~~~~~~~~~~~~~~~~~
/opt/local/var/macports/build/_opt_local_ppcports_security_llarp-devel/llarp-devel/work/llarp-4c8f0486fce9e03a695778853a8aa9c11ed177b3/llarp/util/aligned.hpp:322:5:
note:   in call to 'auto fmt::v11::formatter<T, char, typename
std::enable_if<(is_aligned_buffer<T> && (! IsToStringFormattable<T>)),
void>::type>::format(const T&, FormatContext&) [with FormatContext =
fmt::v11::context; T = llarp::AlignedBuffer<32>; typename
std::enable_if<(is_aligned_buffer<T> && (! IsToStringFormattable<T>)),
void>::type = void]'
  322 |     format(const T& val, FormatContext& ctx)
      |     ^~~~~~
In file included from
/opt/local/var/macports/build/_opt_local_ppcports_security_llarp-devel/llarp-devel/work/llarp-4c8f0486fce9e03a695778853a8aa9c11ed177b3/llarp/net/address_info.hpp:5,
                 from
/opt/local/var/macports/build/_opt_local_ppcports_security_llarp-devel/llarp-devel/work/llarp-4c8f0486fce9e03a695778853a8aa9c11ed177b3/llarp/router_contact.hpp:5,
                 from
/opt/local/var/macports/build/_opt_local_ppcports_security_llarp-devel/llarp-devel/work/llarp-4c8f0486fce9e03a695778853a8aa9c11ed177b3/llarp/bootstrap.hpp:3,
                 from
/opt/local/var/macports/build/_opt_local_ppcports_security_llarp-devel/llarp-devel/work/llarp-4c8f0486fce9e03a695778853a8aa9c11ed177b3/llarp/bootstrap.cpp:1:
/opt/local/var/macports/build/_opt_local_ppcports_security_llarp-devel/llarp-devel/work/llarp-4c8f0486fce9e03a695778853a8aa9c11ed177b3/llarp/util/bencode.hpp:
In instantiation of 'bool llarp::bencode_decode_dict(Sink&&,
llarp_buffer_t*) [with Sink = AddressInfo&]':
/opt/local/var/macports/build/_opt_local_ppcports_security_llarp-devel/llarp-devel/work/llarp-4c8f0486fce9e03a695778853a8aa9c11ed177b3/llarp/net/address_info.hpp:36:33:
required from here
   36 |       return bencode_decode_dict(*this, buf);
      |              ~~~~~~~~~~~~~~~~~~~^~~~~~~~~~~~
/opt/local/var/macports/build/_opt_local_ppcports_security_llarp-devel/llarp-devel/work/llarp-4c8f0486fce9e03a695778853a8aa9c11ed177b3/llarp/util/bencode.hpp:219:16:
warning: narrowing conversion of '* key->llarp_buffer_t::cur' from 'byte_t'
{aka 'unsigned char'} to 'char' [-Wnarrowing]
  219 |           log::warning(
      |                ^~~~~~~~
  220 |               bencode_detail::logcat, "undefined key '{}' for entry
in dict", char{*key->cur});
      |
~~~~~~~~~~~~~~~~~~~~~~~~~~~~~~~~~~~~~~~~~~~~~~~~~~~~~~~~~~~~~~~~~~~~~~~~~~~~~~~~
/opt/local/var/macports/build/_opt_local_ppcports_security_llarp-devel/llarp-devel/work/llarp-4c8f0486fce9e03a695778853a8aa9c11ed177b3/llarp/util/bencode.hpp:219:16:
warning: narrowing conversion of '* key->llarp_buffer_t::cur' from 'byte_t'
{aka 'unsigned char'} to 'char' [-Wnarrowing]
/opt/local/var/macports/build/_opt_local_ppcports_security_llarp-devel/llarp-devel/work/llarp-4c8f0486fce9e03a695778853a8aa9c11ed177b3/llarp/util/bencode.hpp:
In instantiation of 'bool llarp::bencode_decode_dict(Sink&&,
llarp_buffer_t*) [with Sink = ExitInfo&]':
/opt/local/var/macports/build/_opt_local_ppcports_security_llarp-devel/llarp-devel/work/llarp-4c8f0486fce9e03a695778853a8aa9c11ed177b3/llarp/net/exit_info.hpp:34:33:
required from here
   34 |       return bencode_decode_dict(*this, buf);
      |              ~~~~~~~~~~~~~~~~~~~^~~~~~~~~~~~
/opt/local/var/macports/build/_opt_local_ppcports_security_llarp-devel/llarp-devel/work/llarp-4c8f0486fce9e03a695778853a8aa9c11ed177b3/llarp/util/bencode.hpp:219:16:
warning: narrowing conversion of '* key->llarp_buffer_t::cur' from 'byte_t'
{aka 'unsigned char'} to 'char' [-Wnarrowing]
  219 |           log::warning(
      |                ^~~~~~~~
  220 |               bencode_detail::logcat, "undefined key '{}' for entry
in dict", char{*key->cur});
      |
~~~~~~~~~~~~~~~~~~~~~~~~~~~~~~~~~~~~~~~~~~~~~~~~~~~~~~~~~~~~~~~~~~~~~~~~~~~~~~~~
/opt/local/var/macports/build/_opt_local_ppcports_security_llarp-devel/llarp-devel/work/llarp-4c8f0486fce9e03a695778853a8aa9c11ed177b3/llarp/util/bencode.hpp:219:16:
warning: narrowing conversion of '* key->llarp_buffer_t::cur' from 'byte_t'
{aka 'unsigned char'} to 'char' [-Wnarrowing]
/opt/local/var/macports/build/_opt_local_ppcports_security_llarp-devel/llarp-devel/work/llarp-4c8f0486fce9e03a695778853a8aa9c11ed177b3/llarp/util/bencode.hpp:
In instantiation of 'bool llarp::bencode_read_list(Sink&&, llarp_buffer_t*)
[with Sink =
BootstrapList::BDecode(llarp_buffer_t*)::<lambda(llarp_buffer_t*, bool)>]':
/opt/local/var/macports/build/_opt_local_ppcports_security_llarp-devel/llarp-devel/work/llarp-4c8f0486fce9e03a695778853a8aa9c11ed177b3/llarp/bootstrap.cpp:20:29:
required from here
   20 |     return bencode_read_list(
      |            ~~~~~~~~~~~~~~~~~^
   21 |         [&](llarp_buffer_t* b, bool more) -> bool {
      |         ~~~~~~~~~~~~~~~~~~~~~~~~~~~~~~~~~~~~~~~~~~~
   22 |           if (more)
      |           ~~~~~~~~~
   23 |           {
      |           ~
   24 |             RouterContact rc{};
      |             ~~~~~~~~~~~~~~~~~~~
   25 |             if (not rc.BDecode(b))
      |             ~~~~~~~~~~~~~~~~~~~~~~
   26 |             {
      |             ~
   27 |               log::error(logcat, "invalid rc in bootstrap list:
{}", llarp::buffer_printer{*b});
      |
~~~~~~~~~~~~~~~~~~~~~~~~~~~~~~~~~~~~~~~~~~~~~~~~~~~~~~~~~~~~~~~~~~~~~~~~~~~~~~~~~~
   28 |               return false;
      |               ~~~~~~~~~~~~~
   29 |             }
      |             ~
   30 |             emplace(std::move(rc));
      |             ~~~~~~~~~~~~~~~~~~~~~~~
   31 |           }
      |           ~
   32 |           return true;
      |           ~~~~~~~~~~~~
   33 |         },
      |         ~~
   34 |         buf);
      |         ~~~~
/opt/local/var/macports/build/_opt_local_ppcports_security_llarp-devel/llarp-devel/work/llarp-4c8f0486fce9e03a695778853a8aa9c11ed177b3/llarp/util/bencode.hpp:234:12:
warning: narrowing conversion of '* buffer->llarp_buffer_t::cur' from
'byte_t' {aka 'unsigned char'} to 'char' [-Wnarrowing]
  234 |       log::warning(
      |            ^~~~~~~~
  235 |           bencode_detail::logcat,
      |           ~~~~~~~~~~~~~~~~~~~~~~~
  236 |           "bencode::bencode_read_list - expecting list got '{}'",
      |           ~~~~~~~~~~~~~~~~~~~~~~~~~~~~~~~~~~~~~~~~~~~~~~~~~~~~~~~
  237 |           char{*buffer->cur});
      |           ~~~~~~~~~~~~~~~~~~~
/opt/local/var/macports/build/_opt_local_ppcports_security_llarp-devel/llarp-devel/work/llarp-4c8f0486fce9e03a695778853a8aa9c11ed177b3/llarp/util/bencode.hpp:234:12:
warning: narrowing conversion of '* buffer->llarp_buffer_t::cur' from
'byte_t' {aka 'unsigned char'} to 'char' [-Wnarrowing]
In file included from
/opt/local/var/macports/build/_opt_local_ppcports_security_llarp-devel/llarp-devel/work/llarp-4c8f0486fce9e03a695778853a8aa9c11ed177b3/llarp/nodedb.cpp:11:
/opt/local/var/macports/build/_opt_local_ppcports_security_llarp-devel/llarp-devel/work/llarp-4c8f0486fce9e03a695778853a8aa9c11ed177b3/llarp/util/str.hpp:
In function 'std::string llarp::join(std::string_view, It, It)':
/opt/local/var/macports/build/_opt_local_ppcports_security_llarp-devel/llarp-devel/work/llarp-4c8f0486fce9e03a695778853a8aa9c11ed177b3/llarp/util/str.hpp:104:35:
error: 'join' is not a member of 'fmt'; did you mean 'llarp::join'?
  104 |     return fmt::format("{}", fmt::join(delimiter, begin, end));
      |                                   ^~~~
/opt/local/var/macports/build/_opt_local_ppcports_security_llarp-devel/llarp-devel/work/llarp-4c8f0486fce9e03a695778853a8aa9c11ed177b3/llarp/util/str.hpp:102:3:
note: 'llarp::join' declared here
  102 |   join(std::string_view delimiter, It begin, It end)
      |   ^~~~
```

**Comment by majestrate** [comment]
let me squash those annoying warnings about narrowing quickly

**Comment by barracuda156** [comment]
Yeah, warnings aside, there are at least two errors:
```
/opt/local/include/libfmt11/fmt/base.h:2275:29: error: passing 'const
fmt::v11::formatter<llarp::AlignedBuffer<32>, char, void>' as 'this'
argument discards qualifiers [-fpermissive]

In file included from
/opt/local/var/macports/build/_opt_local_ppcports_security_llarp-devel/llarp-devel/work/llarp-4c8f0486fce9e03a695778853a8aa9c11ed177b3/llarp/nodedb.cpp:11:
/opt/local/var/macports/build/_opt_local_ppcports_security_llarp-devel/llarp-devel/work/llarp-4c8f0486fce9e03a695778853a8aa9c11ed177b3/llarp/util/str.hpp:
In function 'std::string llarp::join(std::string_view, It, It)':
/opt/local/var/macports/build/_opt_local_ppcports_security_llarp-devel/llarp-devel/work/llarp-4c8f0486fce9e03a695778853a8aa9c11ed177b3/llarp/util/str.hpp:104:35:
error: 'join' is not a member of 'fmt'; did you mean 'llarp::join'?
  104 |     return fmt::format("{}", fmt::join(delimiter, begin, end));
      |                                   ^~~~
/opt/local/var/macports/build/_opt_local_ppcports_security_llarp-devel/llarp-devel/work/llarp-4c8f0486fce9e03a695778853a8aa9c11ed177b3/llarp/util/str.hpp:102:3:
note: 'llarp::join' declared here
  102 |   join(std::string_view delimiter, It begin, It end)
      |   ^~~~
```

**Comment by majestrate** [comment]
`fmt::join` _should_ be a function that exists, did they remove it in later versions?

**Comment by barracuda156** [comment]
Doesn’t look like it was removed, but some changes were made to it in v11: https://github.com/fmtlib/fmt/releases

**Comment by majestrate** [comment]
that pow type is dead code, let me remove it real quick.

**Comment by majestrate** [comment]
the `fmt::join` thing is now fixed as of https://github.com/majestrate/llarp/pull/32

**Comment by barracuda156** [comment]
Great, I will quickly try re-running the build.

**Comment by barracuda156** [comment]
Something still fails about it for me:
```
In file included from
/opt/local/var/macports/build/_opt_local_ppcports_security_llarp-devel/llarp-devel/work/llarp-d101e061500e9a93f6a5d812638aa135fd3b93e4/llarp/nodedb.cpp:11:
/opt/local/var/macports/build/_opt_local_ppcports_security_llarp-devel/llarp-devel/work/llarp-d101e061500e9a93f6a5d812638aa135fd3b93e4/llarp/util/str.hpp:
In function 'std::string llarp::join(std::string_view, It, It)':
/opt/local/var/macports/build/_opt_local_ppcports_security_llarp-devel/llarp-devel/work/llarp-d101e061500e9a93f6a5d812638aa135fd3b93e4/llarp/util/str.hpp:104:35:
error: 'join' is not a member of 'fmt'; did you mean 'llarp::join'?
  104 |     return fmt::format("{}", fmt::join(begin, end, delimiter));
      |                                   ^~~~
/opt/local/var/macports/build/_opt_local_ppcports_security_llarp-devel/llarp-devel/work/llarp-d101e061500e9a93f6a5d812638aa135fd3b93e4/llarp/util/str.hpp:102:3:
note: 'llarp::join' declared here
  102 |   join(std::string_view delimiter, It begin, It end)
      |   ^~~~
In file included from
/opt/local/var/macports/build/_opt_local_ppcports_security_llarp-devel/llarp-devel/work/llarp-d101e061500e9a93f6a5d812638aa135fd3b93e4/llarp/net/traffic_policy.cpp:2:
/opt/local/var/macports/build/_opt_local_ppcports_security_llarp-devel/llarp-devel/work/llarp-d101e061500e9a93f6a5d812638aa135fd3b93e4/llarp/util/str.hpp:
In function 'std::string llarp::join(std::string_view, It, It)':
/opt/local/var/macports/build/_opt_local_ppcports_security_llarp-devel/llarp-devel/work/llarp-d101e061500e9a93f6a5d812638aa135fd3b93e4/llarp/util/str.hpp:104:35:
error: 'join' is not a member of 'fmt'; did you mean 'llarp::join'?
  104 |     return fmt::format("{}", fmt::join(begin, end, delimiter));
      |                                   ^~~~
/opt/local/var/macports/build/_opt_local_ppcports_security_llarp-devel/llarp-devel/work/llarp-d101e061500e9a93f6a5d812638aa135fd3b93e4/llarp/util/str.hpp:102:3:
note: 'llarp::join' declared here
  102 |   join(std::string_view delimiter, It begin, It end)
      |   ^~~~
. . .
make[2]: *** [llarp/CMakeFiles/lokinet-nodedb.dir/nodedb.cpp.o] Error 1
make[2]: *** Waiting for unfinished jobs....
make[2]: *** [llarp/CMakeFiles/lokinet-nodedb.dir/net/traffic_policy.cpp.o]
Error 1
/opt/local/var/macports/build/_opt_local_ppcports_security_llarp-devel/llarp-devel/work/llarp-d101e061500e9a93f6a5d812638aa135fd3b93e4/llarp/router_contact.cpp:
In member function 'std::string llarp::RouterContact::ToString() const':
/opt/local/var/macports/build/_opt_local_ppcports_security_llarp-devel/llarp-devel/work/llarp-d101e061500e9a93f6a5d812638aa135fd3b93e4/llarp/router_contact.cpp:571:32:
error: 'join' is not a member of 'fmt'
  571 |         fmt::format("{}", fmt::join(addrs, ",")),
      |                                ^~~~
```

**Comment by barracuda156** [comment]
<s>Or did I just pick a wrong commit? Anyway, I can just manually apply the change.</s>

Commit is correct, change was applied.

**Comment by majestrate** [comment]
something looks off, is it picking up the right fmt via cmake?

**Comment by barracuda156** [comment]
`libfmt` is definitely recognized and flag is passed, but it could perhaps
still pull in a bundled one.

```
-- Performing Test filesystem_compiled - Success
-- No extra link flag needed for std::filesystem
-- we have std::filesystem
-- Found PkgConfig: /opt/local/bin/pkg-config (found version "0.29.2")
-- Checking for module 'libuv>=1.18.0'
--   Found libuv, version 1.47.0
-- Checking for module 'libsodium>=1.0.18'
--   Found libsodium, version 1.0.20
-- Performing Test CMAKE_HAVE_LIBC_PTHREAD
2025-05-25 20:49:49.728 sw_vers[50818:903] CFPreferences: user home
directory at file://localhost/opt/local/var/macports/home/ is unavailable.
User domains will be volatile.
-- Performing Test CMAKE_HAVE_LIBC_PTHREAD - Success
-- Found Threads: TRUE
-- Checking for module 'libunbound'
--   Found libunbound, version 1.23.0
-- Checking for module 'libsystemd'
--   No package 'libsystemd' found
-- Found Git: /opt/local/bin/git (found version "2.49.0")
-- Checking submodules
-- Submodule 'external/ghc-filesystem' is up-to-date
-- Submodule 'external/pybind11' is up-to-date
-- Submodule 'external/oxen-encoding' is up-to-date
-- Submodule 'external/uvw' is up-to-date
-- Submodule 'external/CLI11' is up-to-date
-- Submodule 'external/fmt' is up-to-date
-- Submodule 'external/spdlog' is up-to-date
-- Checking for module 'fmt>=10.2.1'
--   Found fmt, version 11.2.0
-- Found system fmt 11.2.0
-- Checking for module 'spdlog>=1.14.1'
--   Found spdlog, version 1.15.3
-- Found system spdlog 1.15.3
-- Checking for module 'liboxenc>=1.0.4'
--   Found liboxenc, version 1.4.0
-- Found system oxenc 1.4.0
-- Checking for module 'CLI11>=2.2.0'
--   Found CLI11, version 2.5.0
-- Found system CLI11 2.5.0
-- not building with libcrypt
-- jemalloc support disabled
-- Performing Test COMPILER_SUPPORTS_AVX2
2025-05-25 20:49:55.676 sw_vers[50953:903] CFPreferences: user home
directory at file://localhost/opt/local/var/macports/home/ is unavailable.
User domains will be volatile.
-- Performing Test COMPILER_SUPPORTS_AVX2 - Failed
-- Performing Test COMPILER_SUPPORTS_FMA
2025-05-25 20:49:55.906 sw_vers[50960:903] CFPreferences: user home
directory at file://localhost/opt/local/var/macports/home/ is unavailable.
User domains will be volatile.
-- Performing Test COMPILER_SUPPORTS_FMA - Failed
-- Not building with libntrup runtime AVX2/FMA support (either this
architecture doesn't support them, or your compile doesn't support the
-mavx2 -mfma flags
-- Found Git: /opt/local/bin/git
-- Stripping source root
/opt/local/var/macports/build/_opt_local_ppcports_security_llarp-devel/llarp-devel/work/llarp-d101e061500e9a93f6a5d812638aa135fd3b93e4
(/opt/local/var/macports/build/_opt_local_ppcports_security_llarp-devel/llarp-devel/work/llarp-d101e061500e9a93f6a5d812638aa135fd3b93e4)
from log paths
-- Building with MAINNET fallback boostrap path
"/opt/local/var/macports/build/_opt_local_ppcports_security_llarp-devel/llarp-devel/work/llarp-d101e061500e9a93f6a5d812638aa135fd3b93e4/contrib/bootstrap/opennet.signed"
-- Building with TESTNET fallback boostrap path
"/opt/local/var/macports/build/_opt_local_ppcports_security_llarp-devel/llarp-devel/work/llarp-d101e061500e9a93f6a5d812638aa135fd3b93e4/contrib/bootstrap/testnet.signed"
-- Documentation generation disabled (doxygen not found)
-- not building gui
-- Configuring done (24.3s)
-- Generating done (0.6s)
```

Example of what gets passed to command line:
```
cd
/opt/local/var/macports/build/_opt_local_ppcports_security_llarp-devel/llarp-devel/work/build/llarp
&& /opt/local/bin/g++-mp-14
-DLOGGING_SOURCE_ROOT=\"/opt/local/var/macports/build/_opt_local_ppcports_security_llarp-devel/llarp-devel/work/llarp-d101e061500e9a93f6a5d812638aa135fd3b93e4\"
-DPOSIX -DUNIX
-I/opt/local/var/macports/build/_opt_local_ppcports_security_llarp-devel/llarp-devel/work/llarp-d101e061500e9a93f6a5d812638aa135fd3b93e4
-I/opt/local/var/macports/build/_opt_local_ppcports_security_llarp-devel/llarp-devel/work/llarp-d101e061500e9a93f6a5d812638aa135fd3b93e4/include
-I/opt/local/var/macports/build/_opt_local_ppcports_security_llarp-devel/llarp-devel/work/llarp-d101e061500e9a93f6a5d812638aa135fd3b93e4/crypto/libntrup/include
-isystem /opt/local/include/libfmt11 -isystem /opt/local/include -pipe
-I/opt/local/libexec/openssl3/include -Os -fpermissive -DNDEBUG
-I/opt/local/libexec/openssl3/include
-isystem/opt/local/include/LegacySupport -isystem/opt/local/include
-D_GLIBCXX_USE_CXX11_ABI=0 -std=c++20 -arch ppc -mmacosx-version-min=10.6
-fPIC -Wall -Wextra -Wno-unknown-pragmas -Wno-unused-function -Werror=vla
-Wno-deprecated-declarations -DSPDLOG_SHARED_LIB -DSPDLOG_COMPILED_LIB
-DSPDLOG_FMT_EXTERNAL -MD -MT
llarp/CMakeFiles/lokinet-nodedb.dir/net/address_info.cpp.o -MF
CMakeFiles/lokinet-nodedb.dir/net/address_info.cpp.o.d -o
CMakeFiles/lokinet-nodedb.dir/net/address_info.cpp.o -c
/opt/local/var/macports/build/_opt_local_ppcports_security_llarp-devel/llarp-devel/work/llarp-d101e061500e9a93f6a5d812638aa135fd3b93e4/llarp/net/address_info.cpp
```

**Comment by barracuda156** [comment]
Maybe we just ran into C++ ABI incompatibility issue with `std::string`?

**Comment by barracuda156** [comment]
Oh well: https://bugs.gentoo.org/942306

**Comment by barracuda156** [comment]
So for `join` error to go, just adding <fmt/ranges.h> works. But then this
fails:

```
In file included from /opt/local/include/libfmt11/fmt/format.h:41,
                 from
/opt/local/var/macports/build/_opt_local_ppcports_security_llarp-devel/llarp-devel/work/llarp-bc66c203a411f72006703965d240244cb6b75bc9/llarp/util/logging.hpp:8,
                 from
/opt/local/var/macports/build/_opt_local_ppcports_security_llarp-devel/llarp-devel/work/llarp-bc66c203a411f72006703965d240244cb6b75bc9/llarp/util/aligned.hpp:4,
                 from
/opt/local/var/macports/build/_opt_local_ppcports_security_llarp-devel/llarp-devel/work/llarp-bc66c203a411f72006703965d240244cb6b75bc9/llarp/router_id.hpp:3,
                 from
/opt/local/var/macports/build/_opt_local_ppcports_security_llarp-devel/llarp-devel/work/llarp-bc66c203a411f72006703965d240244cb6b75bc9/llarp/crypto/types.hpp:4,
                 from
/opt/local/var/macports/build/_opt_local_ppcports_security_llarp-devel/llarp-devel/work/llarp-bc66c203a411f72006703965d240244cb6b75bc9/llarp/router_contact.hpp:4,
                 from
/opt/local/var/macports/build/_opt_local_ppcports_security_llarp-devel/llarp-devel/work/llarp-bc66c203a411f72006703965d240244cb6b75bc9/llarp/router_contact.cpp:1:
/opt/local/include/libfmt11/fmt/base.h: In substitution of 'template<class
T> struct fmt::v11::detail::use_format_as_member<T,
std::integral_constant<bool, std::is_arithmetic<typename
std::remove_cv<typename std::remove_reference<decltype
(fmt::v11::formatter<T>::format_as(declval<const
T&>()))>::type>::type>::value> > [with T = llarp::PubKey]':
/opt/local/include/libfmt11/fmt/base.h:1141:47:   required by substitution
of 'template<class T, typename std::enable_if<std::integral_constant<bool,
(((((((std::is_class<T>::value || std::is_enum<_Tp>::value) ||
std::is_union<T>::value) || std::is_array<_Tp>::value) && (!
fmt::v11::detail::has_to_string_view<T>::value)) && (!
fmt::v11::detail::is_named_arg<T>::value)) && (!
fmt::v11::detail::use_format_as<T>::value)) && (!
fmt::v11::detail::use_format_as_member<typename
std::remove_const<_Tp>::type, std::integral_constant<bool, true>
>::value))>::value, int>::type <anonymous> > static
fmt::v11::conditional_t<((bool)has_formatter<T, char>()), T&, void>
fmt::v11::detail::type_mapper<char>::map(T&) [with T = const llarp::PubKey;
typename std::enable_if<std::integral_constant<bool,
(((((((std::is_class<T>::value || std::is_enum<_Tp>::value) ||
std::is_union<T>::value) || std::is_array<_Tp>::value) && (!
fmt::v11::detail::has_to_string_view<T>::value)) && (!
fmt::v11::detail::is_named_arg<T>::value)) && (!
fmt::v11::detail::use_format_as<T>::value)) && (!
fmt::v11::detail::use_format_as_member<typename
std::remove_const<_Tp>::type, std::integral_constant<bool, true>
>::value))>::value, int>::type <anonymous> = <missing>]'
 1141 |                   !use_format_as<T>::value &&
!use_format_as_member<U>::value>;
      |
^~~~~~~~~~~~~~~~~~~~~~~~~~~~~~~
/opt/local/include/libfmt11/fmt/base.h:1214:57:   required by substitution
of 'template<class T, class Char> using
fmt::v11::detail::mapped_type_constant =
fmt::v11::detail::type_constant<decltype
(fmt::v11::detail::type_mapper<Char>::map(declval<T&>())), Char> [with T =
const llarp::PubKey&; Char = char]'
 1214 | using mapped_t =
decltype(detail::type_mapper<Char>::map(std::declval<T&>()));
      |
~~~~~~~~~~~~~~~~~~~~~~~~~~~~~~^~~~~~~~~~~~~~~~~~~~
/opt/local/include/libfmt11/fmt/base.h:1693:47:   required from 'constexpr
fmt::v11::detail::format_string_checker<Char, NUM_ARGS, NUM_NAMED_ARGS,
DYNAMIC_NAMES>::format_string_checker(fmt::v11::basic_string_view<Char>,
fmt::v11::detail::arg_pack<T ...>) [with T =
{std::variant<llarp::nuint_t<unsigned int>,
llarp::nuint_t<llarp::uint128_t> >, const short unsigned int&, const
llarp::PubKey&}; Char = char; int NUM_ARGS = 3; int NUM_NAMED_ARGS = 0;
bool DYNAMIC_NAMES = false]'
 1693 |       : types_{mapped_type_constant<T, Char>::value...},
      |                                               ^~~~~
/opt/local/include/libfmt11/fmt/base.h:2736:57:   required from here
 2736 |     if (FMT_USE_CONSTEVAL) parse_format_string<char>(s, checker(s,
arg_pack()));
      |
^~~~~~~~~~~~~~~~~~~~~~
/opt/local/var/macports/build/_opt_local_ppcports_security_llarp-devel/llarp-devel/work/llarp-bc66c203a411f72006703965d240244cb6b75bc9/llarp/router_contact.cpp:122:21:
in 'constexpr' expansion of
'fmt::v11::fstring<std::variant<llarp::nuint_t<unsigned int>,
llarp::nuint_t<llarp::uint128_t> >, const short unsigned int&, const
llarp::PubKey&>("ai_addr={}:{}; ai_pk={}; ")'
/opt/local/include/libfmt11/fmt/base.h:1118:52: error: ambiguous template
instantiation for 'struct fmt::v11::formatter<llarp::PubKey, char, void>'
 1118 |
remove_cvref_t<decltype(formatter<T>::format_as(std::declval<const T&>()))>;
      |
~~~~~~~~~~~~~~~~~~~~~~~^~~~~~~~~~~~~~~~~~~~~~~~~~
In file included from
/opt/local/var/macports/build/_opt_local_ppcports_security_llarp-devel/llarp-devel/work/llarp-bc66c203a411f72006703965d240244cb6b75bc9/llarp/util/aligned.hpp:5:
/opt/local/var/macports/build/_opt_local_ppcports_security_llarp-devel/llarp-devel/work/llarp-bc66c203a411f72006703965d240244cb6b75bc9/llarp/util/formattable.hpp:71:10:
note: candidates are: 'template<class T> struct fmt::v11::formatter<T,
char, typename std::enable_if<IsToStringFormattable<T>, void>::type> [with
T = llarp::PubKey]'
   71 |   struct formatter<T, char,
std::enable_if_t<llarp::IsToStringFormattable<T>>>
      |
^~~~~~~~~~~~~~~~~~~~~~~~~~~~~~~~~~~~~~~~~~~~~~~~~~~~~~~~~~~~~~~~~~~~~
In file included from
/opt/local/var/macports/build/_opt_local_ppcports_security_llarp-devel/llarp-devel/work/llarp-bc66c203a411f72006703965d240244cb6b75bc9/llarp/router_contact.cpp:17:
/opt/local/include/libfmt11/fmt/ranges.h:491:8: note:
'template<class R, class Char> struct fmt::v11::formatter<R, Char, typename
std::enable_if<fmt::v11::conjunction<std::integral_constant<bool,
((((fmt::v11::range_format_kind<R, Char, void>::value !=
fmt::v11::range_format::disabled) && (fmt::v11::range_format_kind<R, Char,
void>::value != fmt::v11::range_format::map)) &&
(fmt::v11::range_format_kind<R, Char, void>::value !=
fmt::v11::range_format::string)) && (fmt::v11::range_format_kind<R, Char,
void>::value != fmt::v11::range_format::debug_string))>,
fmt::v11::detail::is_formattable_delayed<R, Char> >::value, void>::type>
[with R = llarp::PubKey; Char = char]'
  491 | struct formatter<
      |        ^~~~~~~~~~
  492 |     R, Char,
      |     ~~~~~~~~
  493 |     enable_if_t<conjunction<
      |     ~~~~~~~~~~~~~~~~~~~~~~~~
  494 |         bool_constant<
      |         ~~~~~~~~~~~~~~
  495 |             range_format_kind<R, Char>::value !=
range_format::disabled &&
      |
~~~~~~~~~~~~~~~~~~~~~~~~~~~~~~~~~~~~~~~~~~~~~~~~~~~~~~~~~~~~~~
  496 |             range_format_kind<R, Char>::value != range_format::map
&&
      |
~~~~~~~~~~~~~~~~~~~~~~~~~~~~~~~~~~~~~~~~~~~~~~~~~~~~~~~~~
  497 |             range_format_kind<R, Char>::value !=
range_format::string &&
      |
~~~~~~~~~~~~~~~~~~~~~~~~~~~~~~~~~~~~~~~~~~~~~~~~~~~~~~~~~~~~
  498 |             range_format_kind<R, Char>::value !=
range_format::debug_string>,
      |
~~~~~~~~~~~~~~~~~~~~~~~~~~~~~~~~~~~~~~~~~~~~~~~~~~~~~~~~~~~~~~~~~
  499 |         detail::is_formattable_delayed<R, Char>>::value>> {
      |         ~~~~~~~~~~~~~~~~~~~~~~~~~~~~~~~~~~~~~~~~~~~~~~~~~
/opt/local/include/libfmt11/fmt/base.h: In substitution of 'template<class
T> struct fmt::v11::detail::use_format_as_member<T,
std::integral_constant<bool, std::is_arithmetic<typename
std::remove_cv<typename std::remove_reference<decltype
(fmt::v11::formatter<T>::format_as(declval<const
T&>()))>::type>::type>::value> > [with T = llarp::NetID]':
/opt/local/include/libfmt11/fmt/base.h:1141:47:   required by substitution
of 'template<class T, typename std::enable_if<std::integral_constant<bool,
(((((((std::is_class<T>::value || std::is_enum<_Tp>::value) ||
std::is_union<T>::value) || std::is_array<_Tp>::value) && (!
fmt::v11::detail::has_to_string_view<T>::value)) && (!
fmt::v11::detail::is_named_arg<T>::value)) && (!
fmt::v11::detail::use_format_as<T>::value)) && (!
fmt::v11::detail::use_format_as_member<typename
std::remove_const<_Tp>::type, std::integral_constant<bool, true>
>::value))>::value, int>::type <anonymous> > static
fmt::v11::conditional_t<((bool)has_formatter<T, char>()), T&, void>
fmt::v11::detail::type_mapper<char>::map(T&) [with T = const llarp::NetID;
typename std::enable_if<std::integral_constant<bool,
(((((((std::is_class<T>::value || std::is_enum<_Tp>::value) ||
std::is_union<T>::value) || std::is_array<_Tp>::value) && (!
fmt::v11::detail::has_to_string_view<T>::value)) && (!
fmt::v11::detail::is_named_arg<T>::value)) && (!
fmt::v11::detail::use_format_as<T>::value)) && (!
fmt::v11::detail::use_format_as_member<typename
std::remove_const<_Tp>::type, std::integral_constant<bool, true>
>::value))>::value, int>::type <anonymous> = <missing>]'
 1141 |                   !use_format_as<T>::value &&
!use_format_as_member<U>::value>;
      |
^~~~~~~~~~~~~~~~~~~~~~~~~~~~~~~
/opt/local/include/libfmt11/fmt/base.h:1214:57:   required by substitution
of 'template<class T, class Char> using
fmt::v11::detail::mapped_type_constant =
fmt::v11::detail::type_constant<decltype
(fmt::v11::detail::type_mapper<Char>::map(declval<T&>())), Char> [with T =
const llarp::NetID&; Char = char]'
 1214 | using mapped_t =
decltype(detail::type_mapper<Char>::map(std::declval<T&>()));
      |
~~~~~~~~~~~~~~~~~~~~~~~~~~~~~~^~~~~~~~~~~~~~~~~~~~
/opt/local/include/libfmt11/fmt/base.h:1693:47:   required from 'constexpr
fmt::v11::detail::format_string_checker<Char, NUM_ARGS, NUM_NAMED_ARGS,
DYNAMIC_NAMES>::format_string_checker(fmt::v11::basic_string_view<Char>,
fmt::v11::detail::arg_pack<T ...>) [with T = {const llarp::NetID&,
llarp::NetID&}; Char = char; int NUM_ARGS = 2; int NUM_NAMED_ARGS = 0; bool
DYNAMIC_NAMES = false]'
 1693 |       : types_{mapped_type_constant<T, Char>::value...},
      |                                               ^~~~~
/opt/local/include/libfmt11/fmt/base.h:2736:57:   required from here
 2736 |     if (FMT_USE_CONSTEVAL) parse_format_string<char>(s, checker(s,
arg_pack()));
      |
^~~~~~~~~~~~~~~~~~~~~~
/opt/local/var/macports/build/_opt_local_ppcports_security_llarp-devel/llarp-devel/work/llarp-bc66c203a411f72006703965d240244cb6b75bc9/llarp/router_contact.cpp:457:95:
in 'constexpr' expansion of 'fmt::v11::fstring<const llarp::NetID&,
llarp::NetID&>("netid mismatch: \'{}\' (theirs) != \'{}\' (ours)")'
/opt/local/include/libfmt11/fmt/base.h:1118:52: error: ambiguous template
instantiation for 'struct fmt::v11::formatter<llarp::NetID, char, void>'
 1118 |
remove_cvref_t<decltype(formatter<T>::format_as(std::declval<const T&>()))>;
      |
~~~~~~~~~~~~~~~~~~~~~~~^~~~~~~~~~~~~~~~~~~~~~~~~~

```

**Comment by majestrate** [comment]
let me bump the submodule to use fmt 11 so i can work in these.

**Comment by majestrate** [comment]
fixing the problems with fmt

**Comment by majestrate** [comment]
alright fmt submodule bumped to latest tag and it compiles with it.

**Comment by barracuda156** [comment]
> alright fmt submodule bumped to latest tag and it compiles with it.

I am off the testing machine for today, but will try building this on the home PowerMac now. Initial errors are definitely fixed, the build is at 20% now.

**Comment by barracuda156** [comment]
With `environ` fix added, the build almost succeeded, failing at linking:
```
[100%] Linking CXX executable llarpd
cd
/opt/local/var/macports/build/_opt_local_ppcports_security_llarp-devel/llarp-devel/work/build/daemon
&& /opt/local/bin/cmake -E cmake_link_script CMakeFiles/llarpd.dir/link.txt
--verbose=ON
Undefined symbols for architecture ppc:
  "llarp::sys::service_manager", referenced from:
      (anonymous namespace)::llarp_main(int, char**) in main.cpp.o
      llarp::Context::Context() in liblokinet-context.a(context.cpp.o)
      llarp::Context::Context() in liblokinet-context.a(context.cpp.o)
      llarp::Router::Stop() in liblokinet-context.a(router.cpp.o)
      llarp::Router::AfterStopIssued() in liblokinet-context.a(router.cpp.o)
      llarp::Router::AfterStopLinks() in liblokinet-context.a(router.cpp.o)
      llarp::Router::Die() in liblokinet-context.a(router.cpp.o)
      ...
      (anonymous namespace)::llarp_main(int, char**) in main.cpp.o
      llarp::Context::Context() in liblokinet-context.a(context.cpp.o)
      llarp::Context::Context() in liblokinet-context.a(context.cpp.o)
      llarp::Router::Stop() in liblokinet-context.a(router.cpp.o)
      llarp::Router::AfterStopIssued() in liblokinet-context.a(router.cpp.o)
      llarp::Router::AfterStopLinks() in liblokinet-context.a(router.cpp.o)
      llarp::Router::Die() in liblokinet-context.a(router.cpp.o)
      ...
      (anonymous namespace)::llarp_main(int, char**) in main.cpp.o
      llarp::Context::Context() in liblokinet-context.a(context.cpp.o)
      llarp::Context::Context() in liblokinet-context.a(context.cpp.o)
      llarp::Router::Stop() in liblokinet-context.a(router.cpp.o)
      llarp::Router::AfterStopIssued() in liblokinet-context.a(router.cpp.o)
      llarp::Router::AfterStopLinks() in liblokinet-context.a(router.cpp.o)
      llarp::Router::Die() in liblokinet-context.a(router.cpp.o)
      ...
ld: symbol(s) not found for architecture ppc
collect2: error: ld returned 1 exit status
```

**Comment by barracuda156** [comment]
Well, no surprise, CMakeLists do not add `util/nop_service_manager.cpp` to sources (and the alternative is Linux-specific).

**Comment by barracuda156** [comment]
Finally, linking to `libfmt` is done with a wrong path to dylib:

```
$
/opt/local/var/macports/build/_opt_local_ppcports_security_llarp-devel/llarp-devel/work/destroot/opt/local/bin/llarpd
--version
dyld: Library not loaded: /opt/local/lib/libfmt.11.dylib
  Referenced from:
/opt/local/var/macports/build/_opt_local_ppcports_security_llarp-devel/llarp-devel/work/destroot/opt/local/bin/llarpd
  Reason: image not found
Trace/BPT trap
Sergey-Fedorovs-Mac:~ svacchanda\$ port contents libfmt11
Port libfmt11 @11.2.0_0 contains:
  /opt/local/include/libfmt11/fmt/args.h
  /opt/local/include/libfmt11/fmt/base.h
  /opt/local/include/libfmt11/fmt/chrono.h
  /opt/local/include/libfmt11/fmt/color.h
  /opt/local/include/libfmt11/fmt/compile.h
  /opt/local/include/libfmt11/fmt/core.h
  /opt/local/include/libfmt11/fmt/format-inl.h
  /opt/local/include/libfmt11/fmt/format.h
  /opt/local/include/libfmt11/fmt/os.h
  /opt/local/include/libfmt11/fmt/ostream.h
  /opt/local/include/libfmt11/fmt/printf.h
  /opt/local/include/libfmt11/fmt/ranges.h
  /opt/local/include/libfmt11/fmt/std.h
  /opt/local/include/libfmt11/fmt/xchar.h
  /opt/local/lib/libfmt11/cmake/fmt/fmt-config-version.cmake
  /opt/local/lib/libfmt11/cmake/fmt/fmt-config.cmake
  /opt/local/lib/libfmt11/cmake/fmt/fmt-targets-relwithdebinfo.cmake
  /opt/local/lib/libfmt11/cmake/fmt/fmt-targets.cmake
  /opt/local/lib/libfmt11/libfmt.11.2.0.dylib
  /opt/local/lib/libfmt11/libfmt.11.dylib
  /opt/local/lib/libfmt11/libfmt.dylib
  /opt/local/lib/libfmt11/pkgconfig/fmt.pc
```

The library is at ` /opt/local/lib/libfmt11/libfmt.11.dylib`, but the
binary looks for it in /opt/local/lib.
`libfmt` is not to blame, it has a correct id:

```
$ otool -L  /opt/local/lib/libfmt11/libfmt.11.dylib
/opt/local/lib/libfmt11/libfmt.11.dylib:
    /opt/local/lib/libfmt11/libfmt.11.dylib (compatibility version 11.0.0,
current version 11.2.0)
    /opt/local/lib/libgcc/libstdc++.6.dylib (compatibility version 7.0.0,
current version 7.33.0)
    /opt/local/lib/libgcc/libgcc_s.1.1.dylib (compatibility version 1.0.0,
current version 1.1.0)
    /usr/lib/libSystem.B.dylib (compatibility version 1.0.0, current
version 125.2.11)
```

**Comment by barracuda156** [comment]
Oops, after fixing dylib path, seems something is still wrong, though I try
this with a non-installed executable right from destroot:

```
$
/opt/local/var/macports/build/_opt_local_ppcports_security_llarp-devel/llarp-devel/work/destroot/opt/local/bin/llarpd
--version
terminate called after throwing an instance of 'std::bad_array_new_length'
  what():  std::bad_array_new_length
Abort trap
```

With GDB:
```
terminate called after throwing an instance of 'std::bad_array_new_length'
  what():  std::bad_array_new_length

Program received signal SIGABRT, Aborted.
0x9239d014 in __kill ()
(gdb) bt
#0  0x9239d014 in __kill ()
#1  0x923c771c in abort ()
#2  0x0058a928 in __gnu_cxx::__verbose_terminate_handler ()
#3  0x00588238 in std::rethrow_exception ()
#4  0x006442a4 in std::terminate ()
#5  0x0058862c in __cxa_throw ()
#6  0x006443d8 in std::__throw_bad_array_new_length ()
#7  0x0014a93c in std::_Hashtable<std::string, std::pair<std::string const,
std::shared_ptr<llarp::log::CategoryLogger> >,
std::allocator<std::pair<std::string const,
std::shared_ptr<llarp::log::CategoryLogger> > >, std::__detail::_Select1st,
std::equal_to<std::string>, std::hash<std::string>,
std::__detail::_Mod_range_hashing, std::__detail::_Default_ranged_hash,
std::__detail::_Prime_rehash_policy, std::__detail::_Hashtable_traits<true,
false, true> >::_M_rehash ()
#8  0x0014ae24 in llarp::log::Cat ()
#9  0x00028dc8 in _GLOBAL__sub_I_main ()
#10 0x8fe107a4 in
__dyld__ZN16ImageLoaderMachO18doModInitFunctionsERKN11ImageLoader11LinkContextE
()
#11 0x8fe0e97c in
__dyld__ZN11ImageLoader23recursiveInitializationERKNS_11LinkContextEj ()
#12 0x8fe0ea58 in
__dyld__ZN11ImageLoader15runInitializersERKNS_11LinkContextE ()
#13 0x8fe02918 in __dyld__ZN4dyld24initializeMainExecutableEv ()
#14 0x8fe07a8c in __dyld__ZN4dyld5_mainEPK12macho_headermiPPKcS5_S5_ ()
#15 0x8fe0174c in __dyld__ZN13dyldbootstrap5startEPK12macho_headeriPPKcl ()
#16 0x8fe01064 in __dyld__dyld_start ()
```

Doesn't tell me anything now :) I will try to look into this tomorrow.

**Comment by barracuda156** [comment]
I will try building on a less exotic architecture today to see if the executable behaves normal or not. And will look into why CMake messes up the dylib path.

**Comment by barracuda156** [comment]
We should really get rid of `TargetArch.cmake` module. It is not only breaking ppc by default (requires a flag to allow the build), but also arm64, and does nothing useful anyway.
```
CMake Error at cmake/TargetArch.cmake:77 (message):
  Invalid OS X arch name: arm64
Call Stack (most recent call first):
  CMakeLists.txt:124 (target_architecture)


-- Configuring incomplete, errors occurred!
```

**Comment by majestrate** [comment]
there's an issue with static initialization in the logging code

**Comment by barracuda156** [comment]
> there's an issue with static initialization in the logging code

Is it also observed on Linux?

**Comment by majestrate** [comment]
yes it's also observed on linux.

**Comment by majestrate** [comment]
try https://github.com/majestrate/llarp/pull/39 to see if it works for you.

**Comment by barracuda156** [comment]
I will try this soon and let you know.

**Comment by barracuda156** [comment]
> try [#39](https://github.com/majestrate/llarp/pull/39) to see if it works for you.

@majestrate It did solve that issue (so good to merge), but I got another error:

```
$ llarpd
dyld: lazy symbol binding failed: Symbol not found: __ZN3fmt3v117vformatENS0_17basic_string_viewIcEENS0_17basic_format_argsINS0_7contextEEE
  Referenced from: /opt/local/bin/llarpd-orig
  Expected in: /opt/local/lib/libspdlog.1.15.dylib

dyld: Symbol not found: __ZN3fmt3v117vformatENS0_17basic_string_viewIcEENS0_17basic_format_argsINS0_7contextEEE
  Referenced from: /opt/local/bin/llarpd-orig
  Expected in: /opt/local/lib/libspdlog.1.15.dylib

Trace/BPT trap
```

**Comment by barracuda156** [comment]
@majestrate I have rebuilt with bundled libfmt and spdlog, and it worked better:
```
$ llarpd
[2025-05-27 00:00:03.163] [info] [14.000ms] [llarp|llarp/config/config.cpp:1494] Attempting to create config file for client at /Users/svacchanda/.lokinet/lokinet.ini
[2025-05-27 00:00:03.182] [info] [33.000ms] [llarp|llarp/config/config.cpp:1514] Generated new config /Users/svacchanda/.lokinet/lokinet.ini
[2025-05-27 00:00:03.184] [info] [35.000ms] [main|daemon/main.cpp:254] starting up llarpd-0.10.0-unknown Just like me frfr
[2025-05-27 00:00:03.185] [info] [36.000ms] [main|daemon/main.cpp:260] Using config file: /Users/svacchanda/.lokinet/lokinet.ini
Bus error
macmini:llarp svacchanda$ llarpd --version
llarpd-0.10.0-unknown
```
I do not think we should see a bus error, but at least something starts.

**Comment by majestrate** [comment]
the vpn platform is a nullptr likely.

**Comment by barracuda156** [comment]
> the vpn platform is a nullptr likely.

@majestrate Was the earlier C++ code functional? I think this was the related code to VPN platform: https://github.com/oxen-io/lokinet/commit/1f1334c6d3c15129bc14ae58dd18b8fcdc6a7454

**Comment by majestrate** [comment]
yeah that code should work if run as root.

**Comment by majestrate** [comment]
it may need a few tweaks as this was before we split up the route manager code for the vpn platform.

**Comment by barracuda156** [comment]
> it may need a few tweaks as this was before we split up the route manager code for the vpn platform.

<s>This branch restored the old code and had some hacks for it to compile with the recent lokinet (not the current dev, but still much newer than pre-swift version). It probably won’t work correctly as-is, but the binary was launching at least, as I recall.
https://github.com/barracuda156/lokinet/tree/macppc
Of 4 commits on top of master only 2 are relevant.</s>
(I will make an updated one, no point in referring to the old.)

If you could take a look and correct what is obviously wrong, I will do testing on my end and add needed adjustments for the build to work.

**Comment by barracuda156** [comment]
I will try restoring into the current dev tonight, just to see how it goes, to begin with.

**Comment by barracuda156** [comment]
@catap Kirill, when you have time, could you please take a look at this? (You might be interested to see if this works for OpenBSD too.)

**Comment by barracuda156** [comment]
> the vpn platform is a nullptr likely.

I have compiled it with vpn platform restored (FWIW, the code may be faulty, but it builds), however I get the identical bus error on launch.

```
Process:         llarpd-orig [24309]
Path:            /opt/local/bin/llarpd-orig
Identifier:      llarpd-orig
Version:         ??? (???)
Code Type:       PPC (Translated)
Parent Process:  bash [491]

Date/Time:       2025-05-30 11:48:16.902 +0800
OS Version:      Mac OS X Server 10.6.8 (10K549)
Report Version:  6

Exception Type:  EXC_BAD_ACCESS (SIGBUS)
Exception Codes: KERN_PROTECTION_FAILURE at 0x000000000000001c
Crashed Thread:  3  llarpd-disk

Thread 0:  Dispatch queue: com.apple.main-thread
0   llarpd-orig                   	0xb815ad03 spin_lock_wrapper + 90219
1   llarpd-orig                   	0xb81749fb CallPPCFunctionAtAddressInt + 76675
2   llarpd-orig                   	0xb80c6b13 0xb8000000 + 813843
3   llarpd-orig                   	0xb80c0037 0xb8000000 + 786487
4   llarpd-orig                   	0xb80dd8e8 0xb8000000 + 907496
5   llarpd-orig                   	0xb8145c1d spin_lock_wrapper + 3973
6   llarpd-orig                   	0xb801ceb7 0xb8000000 + 118455

Thread 1:
0   libSystem.B.dylib             	0x80142afa mach_msg_trap + 10
1   libSystem.B.dylib             	0x80143267 mach_msg + 68
2   llarpd-orig                   	0xb819440f CallPPCFunctionAtAddressInt + 206231
3   libSystem.B.dylib             	0x80170259 _pthread_start + 345
4   libSystem.B.dylib             	0x801700de thread_start + 34

Thread 2:
0   llarpd-orig                   	0xb80c2196 0xb8000000 + 795030
1   llarpd-orig                   	0xb80c0037 0xb8000000 + 786487
2   llarpd-orig                   	0xb80dd8e8 0xb8000000 + 907496
3   llarpd-orig                   	0xb8145397 spin_lock_wrapper + 1791
4   llarpd-orig                   	0xb801ceb7 0xb8000000 + 118455

Thread 3 Crashed:  llarpd-disk
0   ???                           	0x8aaa2b51 0 + 2326408017

Thread 3 crashed with X86 Thread State (32-bit):
  eax: 0x0000001e  ebx: 0x7c4dfcd4  ecx: 0x0000001c  edx: 0xffffffff
  edi: 0xb81f8714  esi: 0x7c4dfcd4  ebp: 0x02803d80  esp: 0xb011cefc
   ss: 0x00000023  efl: 0x00010202  eip: 0x8aaa2b51   cs: 0x0000001b
   ds: 0x00000023   es: 0x00000023   fs: 0x00000023   gs: 0x0000000f
  cr2: 0x0000001c
```

`llarpd-disk` is probably not something in Apple-specific code. Also, on arm64 it explicitly complained about a missing vpn platform, but on powerpc it just crashes after `[main|daemon/main.cpp:260] Using config file: /Users/svacchanda/.lokinet/lokinet.ini`.

**Comment by barracuda156** [comment]
I guess I should try running this natively, not in a VM, otherwise Rosetta gives x86 registers LOL

**Comment by barracuda156** [comment]
@majestrate Just in case, if you can think of some way for the existing code (non-Apple-specific) to fail to work when size of bool = size of int = 4 bytes, please tell me. That is one possible issue in principle (besides endianness, of course).

**Comment by barracuda156** [comment]
Okay, natively on PowerPC gdb gives something more useful:

```
[2025-05-30 15:57:14.039] [info] [2.000ms] [llarp|llarp/config/config.cpp:1494] Attempting to create config file for client at /var/lib/lokinet/lokinet.ini
[2025-05-30 15:57:14.042] [info] [5.000ms] [llarp|llarp/config/config.cpp:1514] Generated new config /var/lib/lokinet/lokinet.ini
[2025-05-30 15:57:14.042] [info] [5.000ms] [main|daemon/main.cpp:254] starting up llarpd-0.10.0-unknown Just like me frfr
[2025-05-30 15:57:14.042] [info] [6.000ms] [main|daemon/main.cpp:260] Using config file: /var/lib/lokinet/lokinet.ini

Program received signal EXC_BAD_ACCESS, Could not access memory.
Reason: KERN_PROTECTION_FAILURE at address: 0x0000001c
[Switching to process 6026]
0x923ea088 in strlen ()
(gdb) bt
#0  0x923ea088 in strlen ()
#1  0x00148c30 in llarp::log::(anonymous namespace)::format_sl ()
#2  0x00149db8 in llarp::log::CategoryLogger::on_log_event ()
#3  0x00160c74 in _ZN5llarp7LogInfoIJRA20_KcEEC4ES3_RKSt15source_location.isra.0 ()
#4  0x00160d00 in llarp::uv::run_disk_thread ()
#5  0x0054fddc in std::error_code::default_error_condition ()
#6  0x923a1ec4 in _pthread_start ()
(gdb) disassemble
Dump of assembler code for function strlen:
0x923ea080 <strlen+0>:    rlwinm  r9,r3,0,0,29
0x923ea084 <strlen+4>:    li      r7,-1
0x923ea088 <strlen+8>:    lwz     r8,0(r9)
0x923ea08c <strlen+12>:    rlwinm  r4,r3,3,27,28
0x923ea090 <strlen+16>:    lis     r5,-258
0x923ea094 <strlen+20>:    lis     r6,-32640
0x923ea098 <strlen+24>:    srw     r7,r7,r4
0x923ea09c <strlen+28>:    ori     r5,r5,65279
0x923ea0a0 <strlen+32>:    ori     r6,r6,32896
0x923ea0a4 <strlen+36>:    orc     r8,r8,r7
0x923ea0a8 <strlen+40>:    b       0x923ea0c4 <strlen+68>
0x923ea0ac <strlen+44>:    nop
0x923ea0b0 <strlen+48>:    nop
0x923ea0b4 <strlen+52>:    nop
0x923ea0b8 <strlen+56>:    nop
0x923ea0bc <strlen+60>:    nop
0x923ea0c0 <strlen+64>:    lwzu    r8,4(r9)
0x923ea0c4 <strlen+68>:    add     r4,r5,r8
0x923ea0c8 <strlen+72>:    andc    r7,r6,r8
0x923ea0cc <strlen+76>:    and.    r4,r4,r7
0x923ea0d0 <strlen+80>:    beq+    0x923ea0c0 <strlen+64>
0x923ea0d4 <strlen+84>:    rlwinm  r5,r8,7,0,24
0x923ea0d8 <strlen+88>:    subf    r3,r3,r9
0x923ea0dc <strlen+92>:    andc    r4,r4,r5
0x923ea0e0 <strlen+96>:    cntlzw  r7,r4
0x923ea0e4 <strlen+100>:    rlwinm  r7,r7,29,3,31
0x923ea0e8 <strlen+104>:    add     r3,r3,r7
0x923ea0ec <strlen+108>:    blr
0x923ea0f0 <strlen+112>:    nop
0x923ea0f4 <strlen+116>:    nop
0x923ea0f8 <strlen+120>:    nop
0x923ea0fc <strlen+124>:    nop
End of assembler dump.
(gdb) info registers
r0             0x149db8    1351096
r1             0xf0102c70    4027591792
r2             0x149db4    1351092
r3             0x1e    30
r4             0x26ff0c    2555660
r5             0x7    7
r6             0x73    115
r7             0xffffffffffffffff    18446744073709551615
r8             0xb8    184
r9             0x1c    28
r10            0x2e    46
r11            0x266828    2517032
r12            0x923ea080    2453577856
r13            0x0    0
r14            0x0    0
r15            0x0    0
r16            0x0    0
r17            0x0    0
r18            0x0    0
r19            0x0    0
r20            0x0    0
r21            0x0    0
r22            0x0    0
r23            0x0    0
r24            0xf0102d24    4027591972
r25            0xf0102d88    4027592072
r26            0xf0102d20    4027591968
r27            0x1e    30
r28            0xe00390    14680976
r29            0xf0102d18    4027591960
r30            0x1e    30
r31            0x148c00    1346560
pc             0x923ea088    2453577864
ps             0x100000000200f030    1152921504640462896
cr             0x44000007    1140850695
lr             0x148c30    1346608
ctr            0x923ea080    2453577856
xer            0x20000000    536870912
mq             0x0    0
fpscr          0x82064000    2181447680
vscr           0x10000    65536
vrsave         0x0    0
```

**Comment by barracuda156** [comment]
@majestrate I got some progress:
```
$ llarpd
[2025-05-30 16:44:24.497] [info] [10.000ms] [main|daemon/main.cpp:254] starting up llarpd-0.10.0-unknown Just like me frfr
[2025-05-30 16:44:24.498] [info] [12.000ms] [main|daemon/main.cpp:260] Using config file: /Users/svacchanda/.lokinet/lokinet.ini
[2025-05-30 16:44:24.522] [info] [36.000ms] [llarp|llarp/ev/libuv.cpp:447] Disk worker started
[2025-05-30 16:44:24.531] [warning] [45.000ms] [bencode|llarp/util/bencode.hpp:236] bencode::bencode_read_list - expecting list got 'd'
[2025-05-30 16:44:24.532] [error] [46.000ms] [router|llarp/router/router.cpp:556] No bootstrap routers were loaded.  The default bootstrap file /Users/svacchanda/.lokinet/bootstrap.signed does not exist, and loading fallback bootstrap RCs failed.
[2025-05-30 16:44:24.537] [error] [50.000ms] [main|daemon/main.cpp:298] failed to start up llarpd: No bootstrap nodes available.
terminate called without an active exception
Abort trap
```
What does it want now? )

![Image](https://github.com/user-attachments/assets/a1f9ebc5-5ba6-4e3f-bb39-f7978fbd4661)

**Comment by barracuda156** [comment]
P. S. The crash happened on this line: https://github.com/majestrate/llarp/blob/3ffbed352a61fa0c4b515130f623ea5f2eb0065d/llarp/util/logging.cpp#L103

**Comment by barracuda156** [comment]
@majestrate Is this just a lack of some initial set-up or is there still something to fix with the binary launch?

**Comment by majestrate** [comment]
it looks like it may be a bug in the fallback source_location implementation.

**Comment by majestrate** [comment]
> [@majestrate](https://github.com/majestrate) I got some progress:
> 
> ```
> $ llarpd
> [2025-05-30 16:44:24.497] [info] [10.000ms] [main|daemon/main.cpp:254] starting up llarpd-0.10.0-unknown Just like me frfr
> [2025-05-30 16:44:24.498] [info] [12.000ms] [main|daemon/main.cpp:260] Using config file: /Users/svacchanda/.lokinet/lokinet.ini
> [2025-05-30 16:44:24.522] [info] [36.000ms] [llarp|llarp/ev/libuv.cpp:447] Disk worker started
> [2025-05-30 16:44:24.531] [warning] [45.000ms] [bencode|llarp/util/bencode.hpp:236] bencode::bencode_read_list - expecting list got 'd'
> [2025-05-30 16:44:24.532] [error] [46.000ms] [router|llarp/router/router.cpp:556] No bootstrap routers were loaded.  The default bootstrap file /Users/svacchanda/.lokinet/bootstrap.signed does not exist, and loading fallback bootstrap RCs failed.
> [2025-05-30 16:44:24.537] [error] [50.000ms] [main|daemon/main.cpp:298] failed to start up llarpd: No bootstrap nodes available.
> terminate called without an active exception
> Abort trap
> ```
> 
> What does it want now? )
> 
> ![Image](https://github.com/user-attachments/assets/a1f9ebc5-5ba6-4e3f-bb39-f7978fbd4661)

do you have any residual data from previous installs?

**Comment by barracuda156** [comment]
That ini file it produced on every attempt. Should I remove something specifically before re-installing?
What is the expected behavior on a clean system on launch?

BTW older lokinet installed 3 binaries, while here it is just one. Is it due to redesign, due to dropping some parts of the code or just due to their WIP status?

**Comment by majestrate** [comment]
try copying contrib/bootstrap/opennet.signed to ~/.lokinet/bootstrap.signed

**Comment by barracuda156** [comment]
@majestrate I did now, it still does not seem to work (maybe I miss some other component?), and behavior differs between non-root and root launch.

Root:
```
$ sudo llarpd
[2025-05-31 23:30:35.764] [info] [7.000ms] [main|daemon/main.cpp:254] starting up llarpd-0.10.0-unknown Just like me frfr
[2025-05-31 23:30:35.766] [info] [9.000ms] [main|daemon/main.cpp:260] Using config file: /var/lib/lokinet/lokinet.ini
[2025-05-31 23:30:35.787] [info] [30.000ms] [llarp|llarp/ev/libuv.cpp:447] Disk worker started
[2025-05-31 23:30:35.794] [warning] [37.000ms] [bencode|llarp/util/bencode.hpp:236] bencode::bencode_read_list - expecting list got 'd'
[2025-05-31 23:30:35.795] [error] [38.000ms] [router|llarp/router/router.cpp:556] No bootstrap routers were loaded.  The default bootstrap file /var/lib/lokinet/bootstrap.signed does not exist, and loading fallback bootstrap RCs failed.
[2025-05-31 23:30:35.799] [error] [42.000ms] [main|daemon/main.cpp:298] failed to start up llarpd: No bootstrap nodes available.
terminate called without an active exception
Abort trap
```

Non-root (admin account but no sudo):
```
$ llarpd
[2025-05-31 23:31:02.783] [info] [9.000ms] [main|daemon/main.cpp:254] starting up llarpd-0.10.0-unknown Just like me frfr
[2025-05-31 23:31:02.785] [info] [11.000ms] [main|daemon/main.cpp:260] Using config file: /Users/svacchanda/.lokinet/lokinet.ini
[2025-05-31 23:31:02.805] [info] [32.000ms] [llarp|llarp/ev/libuv.cpp:447] Disk worker started
[2025-05-31 23:31:02.815] [info] [41.000ms] [llarp|llarp/router/router.cpp:564] Loaded 1 bootstrap routers
[2025-05-31 23:31:02.819] [info] [45.000ms] [llarp|llarp/router/router.cpp:599] router profiling enabled
[2025-05-31 23:31:02.819] [info] [45.000ms] [llarp|llarp/router/router.cpp:602] no profiles file at /Users/svacchanda/.lokinet/profiles.dat skipping
[2025-05-31 23:31:02.823] [info] [49.000ms] [llarp|llarp/handlers/tun.cpp:200] endpoint:yyyyyyyyyyyyyyyyyyyyyyyyyyyyyyyyyyyyyyyyyyyyyyyyyyyy.loki setting to be reachable by default
[2025-05-31 23:31:02.824] [info] [50.000ms] [llarp|llarp/handlers/tun.cpp:355] endpoint:yyyyyyyyyyyyyyyyyyyyyyyyyyyyyyyyyyyyyyyyyyyyyyyyyyyy.loki skipping loading addr map at /Users/svacchanda/.lokinet/addrmap.dat as it does not currently exist
[2025-05-31 23:31:03.407] [info] [633.000ms] [llarp|llarp/router/router.cpp:1044] Signing rc...
[2025-05-31 23:31:03.408] [info] [634.000ms] [llarp|llarp/link/link_manager.cpp:137] starting 1 outbound links
[2025-05-31 23:31:03.410] [info] [636.000ms] [llarp|llarp/router/router.cpp:1096] starting hidden service context...
[2025-05-31 23:31:03.410] [info] [637.000ms] [llarp|llarp/handlers/tun.cpp:969] Set Up networking for endpoint:3keuzfm9dgqwbu4x4hhti3mef3bc6p7hz49f6sikb93cwokua7ay.loki
[2025-05-31 23:31:03.411] [info] [637.000ms] [llarp|llarp/handlers/tun.cpp:888] endpoint:3keuzfm9dgqwbu4x4hhti3mef3bc6p7hz49f6sikb93cwokua7ay.loki set lokitun0 to have address ::ffff:172.16.0.1
[2025-05-31 23:31:03.411] [info] [637.000ms] [llarp|llarp/handlers/tun.cpp:889] endpoint:3keuzfm9dgqwbu4x4hhti3mef3bc6p7hz49f6sikb93cwokua7ay.loki allocated up to ::ffff:172.16.255.255 on range [172.16.0.1/16](http://172.16.0.1/16)
[2025-05-31 23:31:03.411] [info] [637.000ms] [llarp|llarp/handlers/tun.cpp:852] endpoint:3keuzfm9dgqwbu4x4hhti3mef3bc6p7hz49f6sikb93cwokua7ay.loki map 3keuzfm9dgqwbu4x4hhti3mef3bc6p7hz49f6sikb93cwokua7ay.loki to ::ffff:172.16.0.1
[2025-05-31 23:31:03.413] [info] [639.000ms] [llarp|llarp/handlers/tun.cpp:905] endpoint:3keuzfm9dgqwbu4x4hhti3mef3bc6p7hz49f6sikb93cwokua7ay.loki using v6 range: fd00::ffff:ac10:1/112
[2025-05-31 23:31:03.413] [info] [639.000ms] [llarp|llarp/handlers/tun.cpp:911] endpoint:3keuzfm9dgqwbu4x4hhti3mef3bc6p7hz49f6sikb93cwokua7ay.loki setting up network...
[2025-05-31 23:31:03.467] [error] [693.000ms] [llarp|llarp/handlers/tun.cpp:919] endpoint:3keuzfm9dgqwbu4x4hhti3mef3bc6p7hz49f6sikb93cwokua7ay.loki failed to set up network interface: cannot connect to control socket address: Operation not permitted
[2025-05-31 23:31:03.467] [error] [693.000ms] [llarp|llarp/service/context.cpp:139] default failed to start
[2025-05-31 23:31:03.467] [error] [694.000ms] [llarp|llarp/router/router.cpp:1099] Failed to start hidden service context
terminate called without an active exception
Abort trap
```

Seems to be reproducible (i.e. it is not about running something first, sequence does not matter).

P. S. Something can be messed in Apple-specific stuff here, of course, but first I need to know whether this output makes sense, whether I lack some needed defaults and whether root/non-root difference is expected to look like that.

**Comment by majestrate** [comment]
copy same file to /var/lib/lokinet/bootstrap.signed and run as root.

**Comment by barracuda156** [comment]
@majestrate Oh, wait, I just should have read the log LOL

So it needs root (as you said earlier), but it expected to find config file here: `/var/lib/lokinet/bootstrap.signed`. (Which is probably not where I want it to be, but I can move that to `/opt/local/var/lib/lokinet`.)

Once I copy the file where it wanted it, I get this:
```
$ sudo llarpd
[2025-05-31 23:41:00.100] [info] [7.000ms] [main|daemon/main.cpp:254] starting up llarpd-0.10.0-unknown Just like me frfr
[2025-05-31 23:41:00.102] [info] [9.000ms] [main|daemon/main.cpp:260] Using config file: /var/lib/lokinet/lokinet.ini
[2025-05-31 23:41:00.122] [info] [29.000ms] [llarp|llarp/ev/libuv.cpp:447] Disk worker started
[2025-05-31 23:41:00.132] [info] [39.000ms] [llarp|llarp/router/router.cpp:564] Loaded 1 bootstrap routers
[2025-05-31 23:41:00.136] [info] [43.000ms] [llarp|llarp/router/router.cpp:599] router profiling enabled
[2025-05-31 23:41:00.136] [info] [43.000ms] [llarp|llarp/router/router.cpp:606] loading router profiles from /var/lib/lokinet/profiles.dat
[2025-05-31 23:41:00.155] [info] [62.000ms] [llarp|llarp/handlers/tun.cpp:200] endpoint:yyyyyyyyyyyyyyyyyyyyyyyyyyyyyyyyyyyyyyyyyyyyyyyyyyyy.loki setting to be reachable by default
[2025-05-31 23:41:00.156] [info] [63.000ms] [llarp|llarp/handlers/tun.cpp:355] endpoint:yyyyyyyyyyyyyyyyyyyyyyyyyyyyyyyyyyyyyyyyyyyyyyyyyyyy.loki skipping loading addr map at /var/lib/lokinet/addrmap.dat as it does not currently exist
[2025-05-31 23:41:00.742] [info] [649.000ms] [llarp|llarp/router/router.cpp:1044] Signing rc...
[2025-05-31 23:41:00.743] [info] [650.000ms] [llarp|llarp/link/link_manager.cpp:137] starting 1 outbound links
[2025-05-31 23:41:00.745] [info] [652.000ms] [llarp|llarp/router/router.cpp:1096] starting hidden service context...
[2025-05-31 23:41:00.745] [info] [652.000ms] [llarp|llarp/handlers/tun.cpp:969] Set Up networking for endpoint:m8j419jx1ewjtxdf8119hx5fuggcikaf19knncadikkghkgafkto.loki
[2025-05-31 23:41:00.745] [info] [652.000ms] [llarp|llarp/handlers/tun.cpp:888] endpoint:m8j419jx1ewjtxdf8119hx5fuggcikaf19knncadikkghkgafkto.loki set lokitun0 to have address ::ffff:172.16.0.1
[2025-05-31 23:41:00.746] [info] [653.000ms] [llarp|llarp/handlers/tun.cpp:889] endpoint:m8j419jx1ewjtxdf8119hx5fuggcikaf19knncadikkghkgafkto.loki allocated up to ::ffff:172.16.255.255 on range [172.16.0.1/16](http://172.16.0.1/16)
[2025-05-31 23:41:00.746] [info] [653.000ms] [llarp|llarp/handlers/tun.cpp:852] endpoint:m8j419jx1ewjtxdf8119hx5fuggcikaf19knncadikkghkgafkto.loki map m8j419jx1ewjtxdf8119hx5fuggcikaf19knncadikkghkgafkto.loki to ::ffff:172.16.0.1
[2025-05-31 23:41:00.748] [info] [655.000ms] [llarp|llarp/handlers/tun.cpp:905] endpoint:m8j419jx1ewjtxdf8119hx5fuggcikaf19knncadikkghkgafkto.loki using v6 range: fd00::ffff:ac10:1/112
[2025-05-31 23:41:00.748] [info] [655.000ms] [llarp|llarp/handlers/tun.cpp:911] endpoint:m8j419jx1ewjtxdf8119hx5fuggcikaf19knncadikkghkgafkto.loki setting up network...
add net [172.16.0.0](http://172.16.0.0/): gateway utun0
add host [172.16.0.1](http://172.16.0.1/): gateway lo0
[2025-05-31 23:41:00.836] [info] [743.000ms] [llarp|llarp/handlers/tun.cpp:924] endpoint:m8j419jx1ewjtxdf8119hx5fuggcikaf19knncadikkghkgafkto.loki got network interface lokitun0 fd=10
[2025-05-31 23:41:00.837] [info] [744.000ms] [llarp|llarp/handlers/tun.cpp:946] endpoint:m8j419jx1ewjtxdf8119hx5fuggcikaf19knncadikkghkgafkto.loki setting up dns...
[2025-05-31 23:41:00.964] [error] [870.000ms] [main|daemon/main.cpp:309] Fatal: caught exception while running: failed to bind udp socket on [127.0.0.1:53](http://127.0.0.1:53/): address already in use
main thread threw exception: failed to bind udp socket on [127.0.0.1:53](http://127.0.0.1:53/): address already in use
terminate called without an active exception
Abort trap
```

I know why this fails: I have `utdns` running, which uses 127.0.0.1. `utdns` is needed because we got broken UDP, and it is resolved via TCP.

**Comment by barracuda156** [comment]
> copy same file to /var/lib/lokinet/bootstrap.signed and run as root.

Yeah, I was just writing a follow-up when saw your reply.
So it looks like `llarp` is functional, but I need to figure out how to use it together with `utdns`. Or can `llarp` be a DNS resolver? This or that way, I need something to resolve DNS over TCP.

**Comment by barracuda156** [comment]
Currently I have `nameserver 127.0.0.1` in `resolv.conf`, which is what
`utdns` uses by default.
Then I manually set IP address in IPv4 configure (no DHCP due to broken
UDP) and run `sudo utdns 8.8.8.8`.
That does magick, and everything works.

How to insert llarp here? :)

**Comment by barracuda156** [comment]
(In the meanwhile I will try on arm64 machine, which does not need an exotic resolving. Will update on that soon.)

**Comment by barracuda156** [comment]
@majestrate While the question about no-UPD case stands, here is what I got on arm64 now:

```
~ % sudo llarpd
Password:
[2025-06-01 03:59:13.258] [info] [1.000ms] [main|llarp/util/logging.hpp:101] starting up llarpd-0.10.0-unknown Just like me frfr
[2025-06-01 03:59:13.258] [info] [2.000ms] [main|llarp/util/logging.hpp:101] Using config file: /opt/local/var/lib/lokinet/lokinet.ini
[2025-06-01 03:59:13.262] [info] [5.000ms] [llarp|llarp/util/logging.hpp:231] Disk worker started
[2025-06-01 03:59:13.265] [info] [9.000ms] [llarp|llarp/util/logging.hpp:231] Loaded 1 bootstrap routers
[2025-06-01 03:59:13.266] [info] [9.000ms] [llarp|llarp/util/logging.hpp:231] router profiling enabled
[2025-06-01 03:59:13.266] [info] [9.000ms] [llarp|llarp/util/logging.hpp:231] no profiles file at /opt/local/var/lib/lokinet/profiles.dat skipping
[2025-06-01 03:59:13.266] [info] [9.000ms] [llarp|llarp/util/logging.hpp:231] endpoint:yyyyyyyyyyyyyyyyyyyyyyyyyyyyyyyyyyyyyyyyyyyyyyyyyyyy.loki setting to be reachable by default
[2025-06-01 03:59:13.266] [info] [10.000ms] [llarp|llarp/util/logging.hpp:231] endpoint:yyyyyyyyyyyyyyyyyyyyyyyyyyyyyyyyyyyyyyyyyyyyyyyyyyyy.loki skipping loading addr map at /opt/local/var/lib/lokinet/addrmap.dat as it does not currently exist
[2025-06-01 03:59:13.336] [info] [80.000ms] [llarp|llarp/util/logging.hpp:231] Signing rc...
[2025-06-01 03:59:13.337] [info] [80.000ms] [llarp|llarp/util/logging.hpp:231] starting 1 outbound links
[2025-06-01 03:59:13.337] [info] [80.000ms] [llarp|llarp/util/logging.hpp:231] starting hidden service context...
[2025-06-01 03:59:13.337] [info] [80.000ms] [llarp|llarp/util/logging.hpp:231] Set Up networking for endpoint:a377tqt3ytp6ua7bddn4q7taq95bkotaz8q4fogp6dn9p694aw9o.loki
[2025-06-01 03:59:13.337] [info] [80.000ms] [llarp|llarp/util/logging.hpp:231] endpoint:a377tqt3ytp6ua7bddn4q7taq95bkotaz8q4fogp6dn9p694aw9o.loki set lokitun0 to have address ::ffff:172.16.0.1
[2025-06-01 03:59:13.337] [info] [80.000ms] [llarp|llarp/util/logging.hpp:231] endpoint:a377tqt3ytp6ua7bddn4q7taq95bkotaz8q4fogp6dn9p694aw9o.loki allocated up to ::ffff:172.16.255.255 on range 172.16.0.1/16
[2025-06-01 03:59:13.337] [info] [80.000ms] [llarp|llarp/util/logging.hpp:231] endpoint:a377tqt3ytp6ua7bddn4q7taq95bkotaz8q4fogp6dn9p694aw9o.loki map a377tqt3ytp6ua7bddn4q7taq95bkotaz8q4fogp6dn9p694aw9o.loki to ::ffff:172.16.0.1
[2025-06-01 03:59:13.337] [info] [80.000ms] [llarp|llarp/util/logging.hpp:231] endpoint:a377tqt3ytp6ua7bddn4q7taq95bkotaz8q4fogp6dn9p694aw9o.loki using v6 range: fd00::ffff:ac10:1/112
[2025-06-01 03:59:13.337] [info] [80.000ms] [llarp|llarp/util/logging.hpp:231] endpoint:a377tqt3ytp6ua7bddn4q7taq95bkotaz8q4fogp6dn9p694aw9o.loki setting up network...
add net 172.16.0.0: gateway utun9
add host 172.16.0.1: gateway lo0
[2025-06-01 03:59:13.359] [info] [102.000ms] [llarp|llarp/util/logging.hpp:231] endpoint:a377tqt3ytp6ua7bddn4q7taq95bkotaz8q4fogp6dn9p694aw9o.loki got network interface lokitun0 fd=10
[2025-06-01 03:59:13.359] [info] [102.000ms] [llarp|llarp/util/logging.hpp:231] endpoint:a377tqt3ytp6ua7bddn4q7taq95bkotaz8q4fogp6dn9p694aw9o.loki setting up dns...
[2025-06-01 03:59:13.363] [info] [107.000ms] [llarp|llarp/util/logging.hpp:231] default started
[2025-06-01 03:59:13.363] [info] [107.000ms] [llarp|llarp/util/logging.hpp:231] Loading nodedb from disk...
[2025-06-01 03:59:13.364] [info] [107.000ms] [llarp|llarp/util/logging.hpp:231] added bootstrap node jnrtxmr4khhp8khc3qrrjf8myru3hm8qduh7fwodcqqq9r6wub5o.snode
[2025-06-01 03:59:13.364] [info] [107.000ms] [llarp|llarp/util/logging.hpp:231] have 1 routers
[2025-06-01 03:59:13.364] [info] [107.000ms] [llarp|llarp/util/logging.hpp:231] running mainloop
[2025-06-01 03:59:43.386] [error] [30.130s] [deadlock|llarp/util/logging.hpp:135] you have been visited by the mascott of the deadlocked router.
[2025-06-01 03:59:43.386] [error] [30.131s] [deadlock|llarp/util/logging.hpp:135] ⠄⠄⠄⠄⠄⠄⠄⠄⠄⠄⠄⠄⠄⠄⠄⣀⣴⣾⣿⣿⣿⣿⣿⣿⣿⣿⣿⣷⣄⠄⠄⠄⠄
[2025-06-01 03:59:43.386] [error] [30.131s] [deadlock|llarp/util/logging.hpp:135] ⠄⠄⠄⠄⠄⢀⣀⣀⡀⠄⠄⠄⡠⢲⣾⣿⣿⣿⣿⣿⣿⣿⣿⣿⣿⣿⣿⣿⣿⣷⡀⠄⠄
[2025-06-01 03:59:43.386] [error] [30.131s] [deadlock|llarp/util/logging.hpp:135] ⠄⠄⠄⠔⣈⣀⠄⢔⡒⠳⡴⠊⠄⠸⣿⣿⣿⣿⣿⣿⣿⣿⣿⣿⣿⣿⡿⠿⣿⣿⣧⠄⠄
[2025-06-01 03:59:43.386] [error] [30.131s] [deadlock|llarp/util/logging.hpp:135] ⠄⢜⡴⢑⠖⠊⢐⣤⠞⣩⡇⠄⠄⠄⠙⢿⣿⣿⣿⣿⣿⣿⣿⣿⣿⣿⣿⣆⠄⠝⠛⠋⠐
[2025-06-01 03:59:43.386] [error] [30.131s] [deadlock|llarp/util/logging.hpp:135] ⢸⠏⣷⠈⠄⣱⠃⠄⢠⠃⠐⡀⠄⠄⠄⠄⠙⠻⢿⣿⣿⣿⣿⣿⣿⣿⡿⠛⠸⠄⠄⠄⠄
[2025-06-01 03:59:43.386] [error] [30.131s] [deadlock|llarp/util/logging.hpp:135] ⠈⣅⠞⢁⣿⢸⠘⡄⡆⠄⠄⠈⠢⡀⠄⠄⠄⠄⠄⠄⠉⠙⠛⠛⠛⠉⠉⡀⠄⠡⢀⠄⣀
[2025-06-01 03:59:43.386] [error] [30.131s] [deadlock|llarp/util/logging.hpp:135] ⠄⠙⡎⣹⢸⠄⠆⢘⠁⠄⠄⠄⢸⠈⠢⢄⡀⠄⠄⠄⠄⠄⠄⠄⠄⠄⠄⠃⠄⠄⠄⠄⠄
[2025-06-01 03:59:43.386] [error] [30.131s] [deadlock|llarp/util/logging.hpp:135] ⠄⠄⠑⢿⠈⢆⠘⢼⠄⠄⠄⠄⠸⢐⢾⠄⡘⡏⠲⠆⠠⣤⢤⢤⡤⠄⣖⡇⠄⠄⠄⠄⠄
[2025-06-01 03:59:43.386] [error] [30.131s] [deadlock|llarp/util/logging.hpp:135] ⣴⣶⣿⣿⣣⣈⣢⣸⠄⠄⠄⠄⡾⣷⣾⣮⣤⡏⠁⠘⠊⢠⣷⣾⡛⡟⠈⠄⠄⠄⠄⠄⠄
[2025-06-01 03:59:43.387] [error] [30.131s] [deadlock|llarp/util/logging.hpp:135] ⣿⣿⣿⣿⣿⠉⠒⢽⠄⠄⠄⠄⡇⣿⣟⣿⡇⠄⠄⠄⠄⢸⣻⡿⡇⡇⠄⠄⠄⠄⠄⠄⠄
[2025-06-01 03:59:43.387] [error] [30.131s] [deadlock|llarp/util/logging.hpp:135] ⠻⣿⣿⣿⣿⣄⠰⢼⠄⠄⠄⡄⠁⢻⣍⣯⠃⠄⠄⠄⠄⠈⢿⣻⠃⠈⡆⡄⠄⠄⠄⠄⠄
[2025-06-01 03:59:43.387] [error] [30.131s] [deadlock|llarp/util/logging.hpp:135] ⠄⠙⠿⠿⠛⣿⣶⣤⡇⠄⠄⢣⠄⠄⠈⠄⢠⠂⠄⠁⠄⡀⠄⠄⣀⠔⢁⠃⠄⠄⠄⠄⠄
[2025-06-01 03:59:43.387] [error] [30.131s] [deadlock|llarp/util/logging.hpp:135] ⠄⠄⠄⠄⠄⣿⣿⣿⣿⣾⠢⣖⣶⣦⣤⣤⣬⣤⣤⣤⣴⣶⣶⡏⠠⢃⠌⠄⠄⠄⠄⠄⠄
[2025-06-01 03:59:43.387] [error] [30.131s] [deadlock|llarp/util/logging.hpp:135] ⠄⠄⠄⠄⠄⠿⠿⠟⠛⡹⠉⠛⠛⠿⠿⣿⣿⣿⣿⣿⡿⠂⠄⠄⠄⠄⠄⠄⠄⠄⠄⠄⠄
[2025-06-01 03:59:43.387] [error] [30.131s] [deadlock|llarp/util/logging.hpp:135] ⠠⠤⠤⠄⠄⣀⠄⠄⠄⠑⠠⣤⣀⣀⣀⡘⣿⠿⠙⠻⡍⢀⡈⠂⠄⠄⠄⠄⠄⠄⠄⠄⠄
[2025-06-01 03:59:43.387] [error] [30.131s] [deadlock|llarp/util/logging.hpp:135] ⠄⠄⠄⠄⠄⠄⠑⠠⣠⣴⣾⣿⣿⣿⣿⣿⣿⣇⠉⠄⠻⣿⣷⣄⡀⠄⠄⠄⠄⠄⠄⠄⠄
[2025-06-01 03:59:43.387] [error] [30.131s] [deadlock|llarp/util/logging.hpp:135] file a bug report now or be cursed with this annoying image in your syslog for all time.
zsh: abort      sudo llarpd
```

**Comment by majestrate** [comment]
i'll need to check the vpn platform code to make sure it has the right behavior

**Comment by barracuda156** [comment]
> i'll need to check the vpn platform code to make sure it has the right behavior

@majestrate It will be awesome if you do, since I do not know internals here at all, and in some parts had to rely on Copilot suggestions, so it is quite likely something is not right.

The branch is here: https://github.com/barracuda156/llarp/commits/restore_mac/
There are just few commits, starting from restoring old code. (4 commits are relevant, last three are trivial to allow arm64.)

**Comment by majestrate** [comment]
@barracuda156 i think i know what the issue is, the file descriptor for the tun interface needs to be set non blocking.

**Comment by barracuda156** [comment]
@majestrate If you suggest a quick patch, I will rebuild and test it.
Once arm64 works, I will return to sorting out powerpc.

**Comment by majestrate** [comment]
@barracuda156 i have a test branch for the darwin vpn platform: https://github.com/majestrate/llarp/pull/43

testing and feedback desired.

**Comment by barracuda156** [comment]
@majestrate Awesome, I will try that today.

**Comment by barracuda156** [comment]
On 10.15 x86_64 this issue prevails:
```
make[2]: Entering directory `/opt/local/var/macports/build/_opt_CatalinaPorts_security_llarp-devel/llarp-devel/work/build'
[ 99%] Building CXX object daemon/CMakeFiles/llarpd.dir/main.cpp.o
cd /opt/local/var/macports/build/_opt_CatalinaPorts_security_llarp-devel/llarp-devel/work/build/daemon && /opt/local/bin/ccache /opt/local/bin/clang++-mp-17 -DLOGGING_SOURCE_ROOT=\"/opt/local/var/macports/build/_opt_CatalinaPorts_security_llarp-devel/llarp-devel/work/llarp-cea46a8be18b3f5c5d58e159f2cfa83e9d34567c\" -DPOSIX -DSPDLOG_COMPILED_LIB -DUNIX -I/opt/local/var/macports/build/_opt_CatalinaPorts_security_llarp-devel/llarp-devel/work/llarp-cea46a8be18b3f5c5d58e159f2cfa83e9d34567c -I/opt/local/var/macports/build/_opt_CatalinaPorts_security_llarp-devel/llarp-devel/work/llarp-cea46a8be18b3f5c5d58e159f2cfa83e9d34567c/include -I/opt/local/var/macports/build/_opt_CatalinaPorts_security_llarp-devel/llarp-devel/work/llarp-cea46a8be18b3f5c5d58e159f2cfa83e9d34567c/external/spdlog/include -I/opt/local/var/macports/build/_opt_CatalinaPorts_security_llarp-devel/llarp-devel/work/llarp-cea46a8be18b3f5c5d58e159f2cfa83e9d34567c/external/fmt/include -I/opt/local/var/macports/build/_opt_CatalinaPorts_security_llarp-devel/llarp-devel/work/llarp-cea46a8be18b3f5c5d58e159f2cfa83e9d34567c/crypto/libntrup/include -I/opt/local/var/macports/build/_opt_CatalinaPorts_security_llarp-devel/llarp-devel/work/llarp-cea46a8be18b3f5c5d58e159f2cfa83e9d34567c/external/uvw/src -isystem /opt/local/include -pipe -I/opt/local/libexec/openssl3/include -DNDEBUG -I/opt/local/libexec/openssl3/include -isystem/opt/local/include -stdlib=libc++ -isysroot/Library/Developer/CommandLineTools/SDKs/MacOSX10.15.sdk -std=c++20 -arch x86_64 -isysroot /Library/Developer/CommandLineTools/SDKs/MacOSX10.15.sdk -mmacosx-version-min=10.15 -fPIE -Wall -Wextra -Wno-unknown-pragmas -Wno-unused-function -Werror=vla -Wno-unknown-warning-option -Wno-deprecated-declarations -march=nocona -mtune=haswell -mfpmath=sse -MD -MT daemon/CMakeFiles/llarpd.dir/main.cpp.o -MF CMakeFiles/llarpd.dir/main.cpp.o.d -o CMakeFiles/llarpd.dir/main.cpp.o -c /opt/local/var/macports/build/_opt_CatalinaPorts_security_llarp-devel/llarp-devel/work/llarp-cea46a8be18b3f5c5d58e159f2cfa83e9d34567c/daemon/main.cpp
[100%] Linking CXX executable llarpd
cd /opt/local/var/macports/build/_opt_CatalinaPorts_security_llarp-devel/llarp-devel/work/build/daemon && /opt/local/bin/cmake -E cmake_link_script CMakeFiles/llarpd.dir/link.txt --verbose=ON
Undefined symbols for architecture x86_64:
  "std::__1::pmr::get_default_resource()", referenced from:
      llarp::OwnedBuffer::copy_from(llarp_buffer_t const&) in liblokinet-util.a(buffer.cpp.o)
      llarp::OwnedBuffer::copy_used(llarp_buffer_t const&) in liblokinet-util.a(buffer.cpp.o)
      auto llarp::uv::UDPHandle::reset_handle(uvw::Loop&)::$_0::operator()<uvw::UDPDataEvent, uvw::UDPHandle>(uvw::UDPDataEvent&, uvw::UDPHandle&) const in liblokinet-platform.a(libuv.cpp.o)
      llarp::dns::libunbound::Resolver::Callback(void*, int, ub_result*) in liblokinet-dns.a(server.cpp.o)
      llarp::net::IPPacket::L4OwnedBuffer() const in liblokinet-service-deprecated-kitchensink.a(tun.cpp.o)
ld: symbol(s) not found for architecture x86_64
clang++: error: linker command failed with exit code 1 (use -v to see invocation)
/opt/local/bin/clang++-mp-17 -pipe -I/opt/local/libexec/openssl3/include -DNDEBUG -I/opt/local/libexec/openssl3/include -isystem/opt/local/include -stdlib=libc++ -isysroot/Library/Developer/CommandLineTools/SDKs/MacOSX10.15.sdk -arch x86_64 -isysroot /Library/Developer/CommandLineTools/SDKs/MacOSX10.15.sdk -mmacosx-version-min=10.15 -Wl,-search_paths_first -Wl,-headerpad_max_install_names -L/opt/local/libexec/openssl3/lib -L/opt/local/lib -Wl,-headerpad_max_install_names -Wl,-syslibroot,/Library/Developer/CommandLineTools/SDKs/MacOSX10.15.sdk CMakeFiles/llarpd.dir/main.cpp.o -o llarpd  -Wl,-rpath,/opt/local/lib ../llarp/liblokinet-consensus.a ../llarp/liblokinet-context.a ../llarp/liblokinet-service-deprecated-kitchensink.a ../llarp/liblokinet-consensus.a ../llarp/liblokinet-context.a ../llarp/liblokinet-service-deprecated-kitchensink.a ../llarp/liblokinet-config.a ../llarp/liblokinet-dns.a ../llarp/liblokinet-config.a ../llarp/liblokinet-dns.a /opt/local/lib/libunbound.dylib ../llarp/liblokinet-layer-routing.a ../llarp/liblokinet-layer-flow.a ../llarp/liblokinet-layer-onion.a ../llarp/liblokinet-layer-link.a ../llarp/liblokinet-layer-wire.a ../llarp/liblokinet-layer-platform.a ../llarp/liblokinet-layer-routing.a ../llarp/liblokinet-layer-flow.a ../llarp/liblokinet-layer-onion.a ../llarp/liblokinet-layer-link.a ../llarp/liblokinet-layer-wire.a ../llarp/liblokinet-layer-platform.a ../llarp/liblokinet-dht.a ../llarp/liblokinet-util.a ../crypto/liblokinet-cryptography.a ../llarp/liblokinet-platform.a ../llarp/liblokinet-nodedb.a ../llarp/liblokinet-util.a ../crypto/liblokinet-cryptography.a ../llarp/liblokinet-platform.a ../llarp/liblokinet-nodedb.a /opt/local/lib/libsodium.dylib /opt/local/lib/libuv.dylib ../external/spdlog/libspdlog.a ../external/fmt/libfmt.a
make[2]: *** [daemon/llarpd] Error 1
```
https://github.com/majestrate/llarp/issues/37
It will be nice to have some solution, since switching to `libstdc++` is _really_ challenging on recent macOS.

I will try arm64 and powerpc today.

**Comment by barracuda156** [comment]
Besides the header location, the following fails when buiding from
773ff2955584c44d52a3800e898f070c68994b72 commit:

```
In file included from
/opt/local/var/macports/build/_opt_PPCSnowLeopardPorts_security_llarp-devel/llarp-devel/work/llarp-773ff2955584c44d52a3800e898f070c68994b72/llarp/vpn/platform.cpp:13:
/opt/local/var/macports/build/_opt_PPCSnowLeopardPorts_security_llarp-devel/llarp-devel/work/llarp-773ff2955584c44d52a3800e898f070c68994b72/llarp/vpn/apple.hpp:
In constructor
'llarp::vpn::AppleInterface::AppleInterface(llarp::vpn::InterfaceInfo)':
/opt/local/var/macports/build/_opt_PPCSnowLeopardPorts_security_llarp-devel/llarp-devel/work/llarp-773ff2955584c44d52a3800e898f070c68994b72/llarp/vpn/apple.hpp:65:20:
error: 'cinfo' was not declared in this scope; did you mean 'info'?
   65 |       addr.sc_id = cinfo.ctl_id;
      |                    ^~~~~
      |                    info
/opt/local/var/macports/build/_opt_PPCSnowLeopardPorts_security_llarp-devel/llarp-devel/work/llarp-773ff2955584c44d52a3800e898f070c68994b72/llarp/vpn/apple.hpp:
In member function 'virtual llarp::net::IPPacket
llarp::vpn::AppleInterface::ReadNextPacket()':
/opt/local/var/macports/build/_opt_PPCSnowLeopardPorts_security_llarp-devel/llarp-devel/work/llarp-773ff2955584c44d52a3800e898f070c68994b72/llarp/vpn/apple.hpp:133:68:
error: name 'iov_base' used in a GNU-style designated initializer for an
array
  133 |           {.iov_base = pkt._buf.data(), .iov_len =
pkt._buf.size()}};
      |                                                                    ^
/opt/local/var/macports/build/_opt_PPCSnowLeopardPorts_security_llarp-devel/llarp-devel/work/llarp-773ff2955584c44d52a3800e898f070c68994b72/llarp/vpn/apple.hpp:133:68:
error: too many initializers for 'std::array<iovec, 2>'
/opt/local/var/macports/build/_opt_PPCSnowLeopardPorts_security_llarp-devel/llarp-devel/work/llarp-773ff2955584c44d52a3800e898f070c68994b72/llarp/vpn/apple.hpp:
In member function 'virtual bool
llarp::vpn::AppleInterface::WritePacket(llarp::net::IPPacket)':
/opt/local/var/macports/build/_opt_PPCSnowLeopardPorts_security_llarp-devel/llarp-devel/work/llarp-773ff2955584c44d52a3800e898f070c68994b72/llarp/vpn/apple.hpp:162:79:
error: name 'iov_base' used in a GNU-style designated initializer for an
array
  162 |           {.iov_base = const_cast<byte_t*>(pkt.data()), .iov_len =
pkt.size()}};

|
^
/opt/local/var/macports/build/_opt_PPCSnowLeopardPorts_security_llarp-devel/llarp-devel/work/llarp-773ff2955584c44d52a3800e898f070c68994b72/llarp/vpn/apple.hpp:162:79:
error: too many initializers for 'std::array<iovec, 2>'
/opt/local/var/macports/build/_opt_PPCSnowLeopardPorts_security_llarp-devel/llarp-devel/work/llarp-773ff2955584c44d52a3800e898f070c68994b72/llarp/vpn/apple.hpp:
In member function 'virtual
std::vector<std::variant<llarp::nuint_t<unsigned int>,
llarp::nuint_t<llarp::uint128_t> > >
llarp::vpn::AppleRouteManager::GetGatewaysNotOnInterface(llarp::vpn::NetworkInterface&)':
/opt/local/var/macports/build/_opt_PPCSnowLeopardPorts_security_llarp-devel/llarp-devel/work/llarp-773ff2955584c44d52a3800e898f070c68994b72/llarp/vpn/apple.hpp:252:6:
warning: no return statement in function returning non-void [-Wreturn-type]
  252 |     {}
      |      ^
/opt/local/var/macports/build/_opt_PPCSnowLeopardPorts_security_llarp-devel/llarp-devel/work/llarp-773ff2955584c44d52a3800e898f070c68994b72/llarp/vpn/apple.hpp:251:49:
warning: unused parameter 'vpn' [-Wunused-parameter]
  251 |     GetGatewaysNotOnInterface(NetworkInterface& vpn) override
      |                               ~~~~~~~~~~~~~~~~~~^~~
make[2]: *** [llarp/CMakeFiles/lokinet-platform.dir/vpn/platform.cpp.o]
Error 1
make[2]: *** Waiting for unfinished jobs....
```

**Comment by barracuda156** [comment]
Slightly off-topic, but is this https://github.com/oxen-io/lokinet-control-panel expected to still be usable with the current `llarp`?

**Comment by majestrate** [comment]
> Slightly off-topic, but is this https://github.com/oxen-io/lokinet-control-panel expected to still be usable with the current `llarp`?

No, the underlying zmq rpc was removed.

**Comment by barracuda156** [comment]
> > Slightly off-topic, but is this https://github.com/oxen-io/lokinet-control-panel expected to still be usable with the current `llarp`?
> 
> No, the underlying zmq rpc was removed.

Ok, thank you, then no point wasting time to build it. Would be nice to have some basic portable GUI, but CLI is still fine.

<s>Do my logs look okay or we still have a problem?</s> We still do have a problem, I remembered, it was not my university firewall, I tried over another connection too.

**Comment by barracuda156** [comment]
@majestrate Could you say why this happens? (This is on 10.5 ppc64.)

```
$ sudo llarpd[2025-07-28 02:06:25.584] [info] [9.000ms] [main|daemon/main.cpp:254] starting up llarpd-0.10.0-unknown Just like me frfr
[2025-07-28 02:06:25.586] [info] [11.000ms] [main|daemon/main.cpp:260] Using config file: /opt/local/var/lib/lokinet/lokinet.ini
[2025-07-28 02:06:25.609] [info] [34.000ms] [llarp|llarp/ev/libuv.cpp:434] Disk worker started
[2025-07-28 02:06:25.618] [info] [44.000ms] [llarp|llarp/router/router.cpp:564] Loaded 1 bootstrap routers
[2025-07-28 02:06:25.623] [info] [49.000ms] [llarp|llarp/router/router.cpp:599] router profiling enabled
[2025-07-28 02:06:25.623] [info] [49.000ms] [llarp|llarp/router/router.cpp:602] no profiles file at /opt/local/var/lib/lokinet/profiles.dat skipping
[2025-07-28 02:06:25.627] [info] [52.000ms] [llarp|llarp/handlers/tun.cpp:200] endpoint:yyyyyyyyyyyyyyyyyyyyyyyyyyyyyyyyyyyyyyyyyyyyyyyyyyyy.loki setting to be reachable by default
[2025-07-28 02:06:25.628] [info] [54.000ms] [llarp|llarp/handlers/tun.cpp:355] endpoint:yyyyyyyyyyyyyyyyyyyyyyyyyyyyyyyyyyyyyyyyyyyyyyyyyyyy.loki skipping loading addr map at /opt/local/var/lib/lokinet/addrmap.dat as it does not currently exist
[2025-07-28 02:06:26.150] [info] [576.000ms] [llarp|llarp/router/router.cpp:1044] Signing rc...
[2025-07-28 02:06:26.150] [info] [576.000ms] [llarp|llarp/link/link_manager.cpp:137] starting 1 outbound links
[2025-07-28 02:06:26.153] [info] [578.000ms] [llarp|llarp/router/router.cpp:1096] starting hidden service context...
[2025-07-28 02:06:26.153] [info] [579.000ms] [llarp|llarp/handlers/tun.cpp:969] Set Up networking for endpoint:e4rnao9okh6x48wd1u61r4e96u9dby6q1hhuy3bepk6zwin1p95y.loki
[2025-07-28 02:06:26.153] [info] [579.000ms] [llarp|llarp/handlers/tun.cpp:888] endpoint:e4rnao9okh6x48wd1u61r4e96u9dby6q1hhuy3bepk6zwin1p95y.loki set lokitun0 to have address ::ffff:172.16.0.1
[2025-07-28 02:06:26.153] [info] [579.000ms] [llarp|llarp/handlers/tun.cpp:889] endpoint:e4rnao9okh6x48wd1u61r4e96u9dby6q1hhuy3bepk6zwin1p95y.loki allocated up to ::ffff:172.16.255.255 on range [172.16.0.1/16](http://172.16.0.1/16)
[2025-07-28 02:06:26.154] [info] [579.000ms] [llarp|llarp/handlers/tun.cpp:852] endpoint:e4rnao9okh6x48wd1u61r4e96u9dby6q1hhuy3bepk6zwin1p95y.loki map e4rnao9okh6x48wd1u61r4e96u9dby6q1hhuy3bepk6zwin1p95y.loki to ::ffff:172.16.0.1
[2025-07-28 02:06:26.155] [info] [581.000ms] [llarp|llarp/handlers/tun.cpp:905] endpoint:e4rnao9okh6x48wd1u61r4e96u9dby6q1hhuy3bepk6zwin1p95y.loki using v6 range: fd00::ffff:ac10:1/112
[2025-07-28 02:06:26.156] [info] [581.000ms] [llarp|llarp/handlers/tun.cpp:911] endpoint:e4rnao9okh6x48wd1u61r4e96u9dby6q1hhuy3bepk6zwin1p95y.loki setting up network...
[2025-07-28 02:06:26.173] [error] [599.000ms] [llarp|llarp/handlers/tun.cpp:919] endpoint:e4rnao9okh6x48wd1u61r4e96u9dby6q1hhuy3bepk6zwin1p95y.loki failed to set up network interface: ioctl failed: No such file or directory
[2025-07-28 02:06:26.174] [error] [599.000ms] [llarp|llarp/service/context.cpp:139] default failed to start
[2025-07-28 02:06:26.174] [error] [599.000ms] [llarp|llarp/router/router.cpp:1099] Failed to start hidden service context
terminate called without an active exception
Abort trap
```

This is still uni network, though no UDP issues on this system, so connecting may fail due to a firewall. However, the error looks different and seemingly unrelated to connection type.

**Comment by majestrate** [comment]
i'll look at this weekend

**Comment by majestrate** [comment]
in `llarp/vpn/apple.hpp` line 58 try replacing the string literal assigned to be `UTUN_CONTROL_NAME` and add the include:

```
#include <net/if_utun.h>
```

**Comment by barracuda156** [comment]
@majestrate Sorry for a delay. This won’t work on 10.5, since it does not have that header, but I will try on 10.6 tonight.
Does this have what we need, besides the macro in question? https://github.com/alexey-lysiuk/macos-sdk/blob/e96f557d53a0282abc7c93a76a802605b20e4282/MacOSX10.6.sdk/usr/include/net/if_utun.h

**Comment by barracuda156** [comment]
Edited: `failed to bind udp socket on 127.0.0.1:53: address already in use` apparently was caused by some local networking specifics. Can be ignored: I disconnected a machine which used a shared connection, and the error is gone.

`failed to set up network interface: ioctl failed: No such file or directory` error only happens on 10.5, and I suggest we just ignore that, it probably misses something in the kernel that we need. Anyway, 10.6 can run on powerpc, so not much point in 10.5.

I do not seem to get connection though, whether on powerpc or x86_64. On the latter:
```
% sudo llarpd
Password:
[2025-08-12 05:34:02.480] [info] [0] [main|daemon/main.cpp:254] starting up llarpd-0.10.0-unknown Just like me frfr
[2025-08-12 05:34:02.481] [info] [1.000ms] [main|daemon/main.cpp:260] Using config file: /opt/local/var/lib/lokinet/lokinet.ini
[2025-08-12 05:34:02.485] [info] [5.000ms] [llarp|llarp/ev/libuv.cpp:434] Disk worker started
[2025-08-12 05:34:02.486] [info] [6.000ms] [llarp|llarp/router/router.cpp:564] Loaded 1 bootstrap routers
[2025-08-12 05:34:02.487] [info] [7.000ms] [llarp|llarp/router/router.cpp:599] router profiling enabled
[2025-08-12 05:34:02.487] [info] [7.000ms] [llarp|llarp/router/router.cpp:602] no profiles file at /opt/local/var/lib/lokinet/profiles.dat skipping
[2025-08-12 05:34:02.487] [info] [7.000ms] [llarp|llarp/handlers/tun.cpp:200] endpoint:yyyyyyyyyyyyyyyyyyyyyyyyyyyyyyyyyyyyyyyyyyyyyyyyyyyy.loki setting to be reachable by default
[2025-08-12 05:34:02.487] [info] [7.000ms] [llarp|llarp/handlers/tun.cpp:354] endpoint:yyyyyyyyyyyyyyyyyyyyyyyyyyyyyyyyyyyyyyyyyyyyyyyyyyyy.loki skipping loading addr map at /opt/local/var/lib/lokinet/addrmap.dat as it does not currently exist
[2025-08-12 05:34:02.605] [info] [125.000ms] [llarp|llarp/router/router.cpp:1044] Signing rc...
[2025-08-12 05:34:02.605] [info] [125.000ms] [llarp|llarp/link/link_manager.cpp:137] starting 1 outbound links
[2025-08-12 05:34:02.606] [info] [126.000ms] [llarp|llarp/router/router.cpp:1096] starting hidden service context...
[2025-08-12 05:34:02.606] [info] [126.000ms] [llarp|llarp/handlers/tun.cpp:969] Set Up networking for endpoint:hw7i4hfgs881w5f1zx99ef8gsnqjys4fjhz1qm48bk9eugan93uy.loki
[2025-08-12 05:34:02.606] [info] [126.000ms] [llarp|llarp/handlers/tun.cpp:888] endpoint:hw7i4hfgs881w5f1zx99ef8gsnqjys4fjhz1qm48bk9eugan93uy.loki set lokitun0 to have address ::ffff:172.16.0.1
[2025-08-12 05:34:02.606] [info] [126.000ms] [llarp|llarp/handlers/tun.cpp:889] endpoint:hw7i4hfgs881w5f1zx99ef8gsnqjys4fjhz1qm48bk9eugan93uy.loki allocated up to ::ffff:172.16.255.255 on range 172.16.0.1/16
[2025-08-12 05:34:02.606] [info] [126.000ms] [llarp|llarp/handlers/tun.cpp:852] endpoint:hw7i4hfgs881w5f1zx99ef8gsnqjys4fjhz1qm48bk9eugan93uy.loki map hw7i4hfgs881w5f1zx99ef8gsnqjys4fjhz1qm48bk9eugan93uy.loki to ::ffff:172.16.0.1
[2025-08-12 05:34:02.606] [info] [126.000ms] [llarp|llarp/handlers/tun.cpp:905] endpoint:hw7i4hfgs881w5f1zx99ef8gsnqjys4fjhz1qm48bk9eugan93uy.loki using v6 range: fd00::ffff:ac10:1/112
[2025-08-12 05:34:02.606] [info] [126.000ms] [llarp|llarp/handlers/tun.cpp:911] endpoint:hw7i4hfgs881w5f1zx99ef8gsnqjys4fjhz1qm48bk9eugan93uy.loki setting up network...
add net 172.16.0.0: gateway utun2
route: writing to routing socket: File exists
add host 172.16.0.1: gateway lo0: File exists
[2025-08-12 05:34:02.652] [info] [173.000ms] [llarp|llarp/handlers/tun.cpp:924] endpoint:hw7i4hfgs881w5f1zx99ef8gsnqjys4fjhz1qm48bk9eugan93uy.loki got network interface utun2 fd=10
[2025-08-12 05:34:02.653] [info] [173.000ms] [llarp|llarp/handlers/tun.cpp:943] endpoint:hw7i4hfgs881w5f1zx99ef8gsnqjys4fjhz1qm48bk9eugan93uy.loki has ipv6 address fe80::12dd:b1ff:feef:3b82
[2025-08-12 05:34:02.653] [info] [173.000ms] [llarp|llarp/handlers/tun.cpp:946] endpoint:hw7i4hfgs881w5f1zx99ef8gsnqjys4fjhz1qm48bk9eugan93uy.loki setting up dns...
[2025-08-12 05:34:02.654] [info] [174.000ms] [llarp|llarp/service/context.cpp:142] default started
[2025-08-12 05:34:02.654] [info] [174.000ms] [llarp|llarp/router/router.cpp:1104] Loading nodedb from disk...
[2025-08-12 05:34:02.655] [info] [175.000ms] [llarp|llarp/router/router.cpp:1114] added bootstrap node jnrtxmr4khhp8khc3qrrjf8myru3hm8qduh7fwodcqqq9r6wub5o.snode
[2025-08-12 05:34:02.655] [info] [175.000ms] [llarp|llarp/router/router.cpp:1117] have 1 routers
[2025-08-12 05:34:02.655] [info] [175.000ms] [llarp|llarp/context.cpp:126] running mainloop
[2025-08-12 05:34:02.739] [info] [259.000ms] [llarp|llarp/router/router.cpp:652] 1 RCs loaded
[2025-08-12 05:34:02.739] [info] [259.000ms] [llarp|llarp/router/router.cpp:653] 1 bootstrap peers
[2025-08-12 05:34:02.739] [info] [259.000ms] [llarp|llarp/router/router.cpp:654] 0 router connections
[2025-08-12 05:34:02.739] [info] [259.000ms] [llarp|llarp/router/rc_lookup_handler.cpp:298] Doing explore via bootstrap node: jnrtxmr4khhp8khc3qrrjf8myru3hm8qduh7fwodcqqq9r6wub5o.snode
[2025-08-12 05:34:06.542] [warning] [4.062s] [path|llarp/path/pathbuilder.cpp:341] endpoint:hw7i4hfgs881w5f1zx99ef8gsnqjys4fjhz1qm48bk9eugan93uy.loki has no first hop candidate
[2025-08-12 05:34:06.542] [warning] [4.062s] [path|llarp/path/pathbuilder.cpp:341] endpoint:hw7i4hfgs881w5f1zx99ef8gsnqjys4fjhz1qm48bk9eugan93uy.loki has no first hop candidate
[2025-08-12 05:34:06.542] [warning] [4.062s] [path|llarp/path/pathbuilder.cpp:322] endpoint:hw7i4hfgs881w5f1zx99ef8gsnqjys4fjhz1qm48bk9eugan93uy.loki did not build path, no hops available.
[2025-08-12 05:34:06.542] [warning] [4.062s] [llarp|llarp/service/endpoint.cpp:112] could not publish descriptors for endpoint endpoint:hw7i4hfgs881w5f1zx99ef8gsnqjys4fjhz1qm48bk9eugan93uy.loki because we couldn't get enough valid introductions
[2025-08-12 05:34:06.542] [warning] [4.062s] [path|llarp/path/pathbuilder.cpp:341] endpoint:hw7i4hfgs881w5f1zx99ef8gsnqjys4fjhz1qm48bk9eugan93uy.loki has no first hop candidate
[2025-08-12 05:34:06.542] [warning] [4.062s] [path|llarp/path/pathbuilder.cpp:341] endpoint:hw7i4hfgs881w5f1zx99ef8gsnqjys4fjhz1qm48bk9eugan93uy.loki has no first hop candidate
[2025-08-12 05:34:06.542] [warning] [4.062s] [path|llarp/path/pathbuilder.cpp:322] endpoint:hw7i4hfgs881w5f1zx99ef8gsnqjys4fjhz1qm48bk9eugan93uy.loki did not build path, no hops available.
[2025-08-12 05:34:06.543] [info] [4.063s] [llarp|llarp/router/rc_lookup_handler.cpp:298] Doing explore via bootstrap node: jnrtxmr4khhp8khc3qrrjf8myru3hm8qduh7fwodcqqq9r6wub5o.snode
[2025-08-12 05:34:06.543] [warning] [4.063s] [path|llarp/path/pathbuilder.cpp:341] endpoint:hw7i4hfgs881w5f1zx99ef8gsnqjys4fjhz1qm48bk9eugan93uy.loki has no first hop candidate
[2025-08-12 05:34:06.543] [warning] [4.063s] [path|llarp/path/pathbuilder.cpp:341] endpoint:hw7i4hfgs881w5f1zx99ef8gsnqjys4fjhz1qm48bk9eugan93uy.loki has no first hop candidate
[2025-08-12 05:34:06.543] [warning] [4.063s] [path|llarp/path/pathbuilder.cpp:322] endpoint:hw7i4hfgs881w5f1zx99ef8gsnqjys4fjhz1qm48bk9eugan93uy.loki did not build path, no hops available.
[2025-08-12 05:34:06.543] [warning] [4.063s] [llarp|llarp/service/endpoint.cpp:112] could not publish descriptors for endpoint endpoint:hw7i4hfgs881w5f1zx99ef8gsnqjys4fjhz1qm48bk9eugan93uy.loki because we couldn't get enough valid introductions
[2025-08-12 05:34:06.543] [warning] [4.063s] [path|llarp/path/pathbuilder.cpp:341] endpoint:hw7i4hfgs881w5f1zx99ef8gsnqjys4fjhz1qm48bk9eugan93uy.loki has no first hop candidate
[2025-08-12 05:34:06.543] [warning] [4.063s] [path|llarp/path/pathbuilder.cpp:341] endpoint:hw7i4hfgs881w5f1zx99ef8gsnqjys4fjhz1qm48bk9eugan93uy.loki has no first hop candidate
[2025-08-12 05:34:06.543] [warning] [4.063s] [path|llarp/path/pathbuilder.cpp:322] endpoint:hw7i4hfgs881w5f1zx99ef8gsnqjys4fjhz1qm48bk9eugan93uy.loki did not build path, no hops available.
[2025-08-12 05:34:06.792] [warning] [4.313s] [path|llarp/path/pathbuilder.cpp:341] endpoint:hw7i4hfgs881w5f1zx99ef8gsnqjys4fjhz1qm48bk9eugan93uy.loki has no first hop candidate
[2025-08-12 05:34:06.792] [warning] [4.313s] [path|llarp/path/pathbuilder.cpp:341] endpoint:hw7i4hfgs881w5f1zx99ef8gsnqjys4fjhz1qm48bk9eugan93uy.loki has no first hop candidate
[2025-08-12 05:34:06.792] [warning] [4.313s] [path|llarp/path/pathbuilder.cpp:322] endpoint:hw7i4hfgs881w5f1zx99ef8gsnqjys4fjhz1qm48bk9eugan93uy.loki did not build path, no hops available.
[2025-08-12 05:34:06.792] [warning] [4.313s] [llarp|llarp/service/endpoint.cpp:112] could not publish descriptors for endpoint endpoint:hw7i4hfgs881w5f1zx99ef8gsnqjys4fjhz1qm48bk9eugan93uy.loki because we couldn't get enough valid introductions
[2025-08-12 05:34:06.792] [warning] [4.313s] [path|llarp/path/pathbuilder.cpp:341] endpoint:hw7i4hfgs881w5f1zx99ef8gsnqjys4fjhz1qm48bk9eugan93uy.loki has no first hop candidate
[2025-08-12 05:34:06.792] [warning] [4.313s] [path|llarp/path/pathbuilder.cpp:341] endpoint:hw7i4hfgs881w5f1zx99ef8gsnqjys4fjhz1qm48bk9eugan93uy.loki has no first hop candidate
[2025-08-12 05:34:06.793] [warning] [4.313s] [path|llarp/path/pathbuilder.cpp:322] endpoint:hw7i4hfgs881w5f1zx99ef8gsnqjys4fjhz1qm48bk9eugan93uy.loki did not build path, no hops available.
```
And then there is a never-ending stream of those `no hops available`. (20 min running now, no luck.)
